{"/Users/deshaunholden/Documents/Projects/gym-task-manager/server/src/app.js": {"path":"/Users/deshaunholden/Documents/Projects/gym-task-manager/server/src/app.js","statementMap":{"0":{"start":{"line":1,"column":16},"end":{"line":1,"column":34}},"1":{"start":{"line":2,"column":13},"end":{"line":2,"column":28}},"2":{"start":{"line":3,"column":21},"end":{"line":3,"column":57}},"3":{"start":{"line":4,"column":19},"end":{"line":4,"column":49}},"4":{"start":{"line":5,"column":19},"end":{"line":5,"column":49}},"5":{"start":{"line":6,"column":18},"end":{"line":6,"column":47}},"6":{"start":{"line":7,"column":19},"end":{"line":7,"column":49}},"7":{"start":{"line":8,"column":27},"end":{"line":8,"column":65}},"8":{"start":{"line":9,"column":23},"end":{"line":9,"column":57}},"9":{"start":{"line":10,"column":27},"end":{"line":10,"column":65}},"10":{"start":{"line":11,"column":27},"end":{"line":11,"column":65}},"11":{"start":{"line":13,"column":12},"end":{"line":13,"column":21}},"12":{"start":{"line":15,"column":0},"end":{"line":18,"column":4}},"13":{"start":{"line":19,"column":0},"end":{"line":19,"column":24}},"14":{"start":{"line":21,"column":0},"end":{"line":21,"column":61}},"15":{"start":{"line":21,"column":33},"end":{"line":21,"column":59}},"16":{"start":{"line":24,"column":0},"end":{"line":49,"column":3}},"17":{"start":{"line":25,"column":21},"end":{"line":25,"column":29}},"18":{"start":{"line":26,"column":2},"end":{"line":28,"column":3}},"19":{"start":{"line":27,"column":4},"end":{"line":27,"column":56}},"20":{"start":{"line":29,"column":2},"end":{"line":48,"column":65}},"21":{"start":{"line":30,"column":19},"end":{"line":30,"column":38}},"22":{"start":{"line":31,"column":19},"end":{"line":31,"column":44}},"23":{"start":{"line":32,"column":22},"end":{"line":32,"column":55}},"24":{"start":{"line":33,"column":27},"end":{"line":33,"column":65}},"25":{"start":{"line":34,"column":25},"end":{"line":34,"column":61}},"26":{"start":{"line":36,"column":19},"end":{"line":36,"column":152}},"27":{"start":{"line":37,"column":4},"end":{"line":37,"column":253}},"28":{"start":{"line":38,"column":4},"end":{"line":38,"column":257}},"29":{"start":{"line":39,"column":20},"end":{"line":39,"column":114}},"30":{"start":{"line":40,"column":4},"end":{"line":40,"column":301}},"31":{"start":{"line":41,"column":18},"end":{"line":41,"column":189}},"32":{"start":{"line":42,"column":23},"end":{"line":42,"column":219}},"33":{"start":{"line":43,"column":21},"end":{"line":43,"column":236}},"34":{"start":{"line":44,"column":21},"end":{"line":44,"column":619}},"35":{"start":{"line":45,"column":18},"end":{"line":45,"column":28}},"36":{"start":{"line":45,"column":47},"end":{"line":45,"column":62}},"37":{"start":{"line":45,"column":64},"end":{"line":45,"column":105}},"38":{"start":{"line":46,"column":4},"end":{"line":46,"column":706}},"39":{"start":{"line":47,"column":4},"end":{"line":47,"column":118}},"40":{"start":{"line":48,"column":18},"end":{"line":48,"column":63}},"41":{"start":{"line":51,"column":0},"end":{"line":51,"column":33}},"42":{"start":{"line":52,"column":0},"end":{"line":52,"column":34}},"43":{"start":{"line":53,"column":0},"end":{"line":53,"column":31}},"44":{"start":{"line":54,"column":0},"end":{"line":54,"column":34}},"45":{"start":{"line":55,"column":0},"end":{"line":55,"column":50}},"46":{"start":{"line":56,"column":0},"end":{"line":56,"column":42}},"47":{"start":{"line":57,"column":0},"end":{"line":57,"column":50}},"48":{"start":{"line":58,"column":0},"end":{"line":58,"column":52}},"49":{"start":{"line":61,"column":0},"end":{"line":68,"column":1}},"50":{"start":{"line":62,"column":15},"end":{"line":62,"column":30}},"51":{"start":{"line":63,"column":21},"end":{"line":63,"column":62}},"52":{"start":{"line":64,"column":2},"end":{"line":64,"column":38}},"53":{"start":{"line":65,"column":2},"end":{"line":67,"column":5}},"54":{"start":{"line":66,"column":4},"end":{"line":66,"column":54}},"55":{"start":{"line":70,"column":0},"end":{"line":70,"column":22}},"56":{"start":{"line":72,"column":0},"end":{"line":72,"column":21}}},"fnMap":{"0":{"name":"(anonymous_0)","decl":{"start":{"line":21,"column":19},"end":{"line":21,"column":20}},"loc":{"start":{"line":21,"column":33},"end":{"line":21,"column":59}},"line":21},"1":{"name":"(anonymous_1)","decl":{"start":{"line":24,"column":22},"end":{"line":24,"column":23}},"loc":{"start":{"line":24,"column":42},"end":{"line":49,"column":1}},"line":24},"2":{"name":"(anonymous_2)","decl":{"start":{"line":65,"column":15},"end":{"line":65,"column":16}},"loc":{"start":{"line":65,"column":29},"end":{"line":67,"column":3}},"line":65}},"branchMap":{"0":{"loc":{"start":{"line":16,"column":10},"end":{"line":16,"column":59}},"type":"binary-expr","locations":[{"start":{"line":16,"column":10},"end":{"line":16,"column":32}},{"start":{"line":16,"column":36},"end":{"line":16,"column":59}}],"line":16},"1":{"loc":{"start":{"line":26,"column":2},"end":{"line":28,"column":3}},"type":"if","locations":[{"start":{"line":26,"column":2},"end":{"line":28,"column":3}},{"start":{},"end":{}}],"line":26},"2":{"loc":{"start":{"line":61,"column":0},"end":{"line":68,"column":1}},"type":"if","locations":[{"start":{"line":61,"column":0},"end":{"line":68,"column":1}},{"start":{},"end":{}}],"line":61}},"s":{"0":8,"1":8,"2":8,"3":8,"4":8,"5":8,"6":8,"7":8,"8":8,"9":8,"10":8,"11":8,"12":8,"13":8,"14":8,"15":1,"16":8,"17":0,"18":0,"19":0,"20":0,"21":0,"22":0,"23":0,"24":0,"25":0,"26":0,"27":0,"28":0,"29":0,"30":0,"31":0,"32":0,"33":0,"34":0,"35":0,"36":0,"37":0,"38":0,"39":0,"40":0,"41":8,"42":8,"43":8,"44":8,"45":8,"46":8,"47":8,"48":8,"49":8,"50":0,"51":0,"52":0,"53":0,"54":0,"55":8,"56":8},"f":{"0":1,"1":0,"2":0},"b":{"0":[8,8],"1":[0,0],"2":[0,8]},"_coverageSchema":"1a1c01bbd47fc00a2c39e90264f33305004495a9","hash":"2abb23ef147fdf74a044f7913608a3908f1427cf"}
,"/Users/deshaunholden/Documents/Projects/gym-task-manager/server/src/controllers/authController.js": {"path":"/Users/deshaunholden/Documents/Projects/gym-task-manager/server/src/controllers/authController.js","statementMap":{"0":{"start":{"line":1,"column":15},"end":{"line":1,"column":34}},"1":{"start":{"line":2,"column":15},"end":{"line":2,"column":41}},"2":{"start":{"line":3,"column":22},"end":{"line":3,"column":55}},"3":{"start":{"line":6,"column":2},"end":{"line":54,"column":3}},"4":{"start":{"line":7,"column":85},"end":{"line":7,"column":93}},"5":{"start":{"line":9,"column":21},"end":{"line":9,"column":71}},"6":{"start":{"line":10,"column":4},"end":{"line":12,"column":5}},"7":{"start":{"line":11,"column":6},"end":{"line":11,"column":74}},"8":{"start":{"line":14,"column":25},"end":{"line":14,"column":51}},"9":{"start":{"line":15,"column":25},"end":{"line":15,"column":72}},"10":{"start":{"line":17,"column":25},"end":{"line":17,"column":29}},"11":{"start":{"line":18,"column":23},"end":{"line":18,"column":27}},"12":{"start":{"line":20,"column":4},"end":{"line":42,"column":5}},"13":{"start":{"line":22,"column":22},"end":{"line":22,"column":46}},"14":{"start":{"line":23,"column":6},"end":{"line":25,"column":7}},"15":{"start":{"line":24,"column":8},"end":{"line":24,"column":99}},"16":{"start":{"line":26,"column":18},"end":{"line":26,"column":79}},"17":{"start":{"line":27,"column":6},"end":{"line":27,"column":30}},"18":{"start":{"line":28,"column":11},"end":{"line":42,"column":5}},"19":{"start":{"line":30,"column":18},"end":{"line":30,"column":80}},"20":{"start":{"line":31,"column":6},"end":{"line":33,"column":7}},"21":{"start":{"line":32,"column":8},"end":{"line":32,"column":74}},"22":{"start":{"line":34,"column":6},"end":{"line":34,"column":30}},"23":{"start":{"line":36,"column":18},"end":{"line":40,"column":8}},"24":{"start":{"line":41,"column":6},"end":{"line":41,"column":37}},"25":{"start":{"line":44,"column":25},"end":{"line":44,"column":56}},"26":{"start":{"line":45,"column":17},"end":{"line":48,"column":6}},"27":{"start":{"line":50,"column":18},"end":{"line":50,"column":37}},"28":{"start":{"line":51,"column":4},"end":{"line":51,"column":42}},"29":{"start":{"line":53,"column":4},"end":{"line":53,"column":14}},"30":{"start":{"line":58,"column":2},"end":{"line":89,"column":3}},"31":{"start":{"line":59,"column":32},"end":{"line":59,"column":40}},"32":{"start":{"line":61,"column":17},"end":{"line":61,"column":67}},"33":{"start":{"line":62,"column":4},"end":{"line":64,"column":5}},"34":{"start":{"line":63,"column":6},"end":{"line":63,"column":75}},"35":{"start":{"line":66,"column":4},"end":{"line":68,"column":5}},"36":{"start":{"line":67,"column":6},"end":{"line":67,"column":106}},"37":{"start":{"line":70,"column":18},"end":{"line":70,"column":67}},"38":{"start":{"line":71,"column":4},"end":{"line":73,"column":5}},"39":{"start":{"line":72,"column":6},"end":{"line":72,"column":75}},"40":{"start":{"line":75,"column":18},"end":{"line":75,"column":37}},"41":{"start":{"line":76,"column":4},"end":{"line":86,"column":7}},"42":{"start":{"line":88,"column":4},"end":{"line":88,"column":14}},"43":{"start":{"line":93,"column":2},"end":{"line":115,"column":3}},"44":{"start":{"line":94,"column":17},"end":{"line":106,"column":6}},"45":{"start":{"line":108,"column":4},"end":{"line":110,"column":5}},"46":{"start":{"line":109,"column":6},"end":{"line":109,"column":64}},"47":{"start":{"line":112,"column":4},"end":{"line":112,"column":23}},"48":{"start":{"line":114,"column":4},"end":{"line":114,"column":14}},"49":{"start":{"line":118,"column":0},"end":{"line":118,"column":44}}},"fnMap":{"0":{"name":"register","decl":{"start":{"line":5,"column":15},"end":{"line":5,"column":23}},"loc":{"start":{"line":5,"column":40},"end":{"line":55,"column":1}},"line":5},"1":{"name":"login","decl":{"start":{"line":57,"column":15},"end":{"line":57,"column":20}},"loc":{"start":{"line":57,"column":37},"end":{"line":90,"column":1}},"line":57},"2":{"name":"getMe","decl":{"start":{"line":92,"column":15},"end":{"line":92,"column":20}},"loc":{"start":{"line":92,"column":37},"end":{"line":116,"column":1}},"line":92}},"branchMap":{"0":{"loc":{"start":{"line":10,"column":4},"end":{"line":12,"column":5}},"type":"if","locations":[{"start":{"line":10,"column":4},"end":{"line":12,"column":5}},{"start":{},"end":{}}],"line":10},"1":{"loc":{"start":{"line":15,"column":25},"end":{"line":15,"column":72}},"type":"cond-expr","locations":[{"start":{"line":15,"column":55},"end":{"line":15,"column":59}},{"start":{"line":15,"column":62},"end":{"line":15,"column":72}}],"line":15},"2":{"loc":{"start":{"line":20,"column":4},"end":{"line":42,"column":5}},"type":"if","locations":[{"start":{"line":20,"column":4},"end":{"line":42,"column":5}},{"start":{"line":28,"column":11},"end":{"line":42,"column":5}}],"line":20},"3":{"loc":{"start":{"line":23,"column":6},"end":{"line":25,"column":7}},"type":"if","locations":[{"start":{"line":23,"column":6},"end":{"line":25,"column":7}},{"start":{},"end":{}}],"line":23},"4":{"loc":{"start":{"line":28,"column":11},"end":{"line":42,"column":5}},"type":"if","locations":[{"start":{"line":28,"column":11},"end":{"line":42,"column":5}},{"start":{},"end":{}}],"line":28},"5":{"loc":{"start":{"line":28,"column":15},"end":{"line":28,"column":51}},"type":"binary-expr","locations":[{"start":{"line":28,"column":15},"end":{"line":28,"column":42}},{"start":{"line":28,"column":46},"end":{"line":28,"column":51}}],"line":28},"6":{"loc":{"start":{"line":31,"column":6},"end":{"line":33,"column":7}},"type":"if","locations":[{"start":{"line":31,"column":6},"end":{"line":33,"column":7}},{"start":{},"end":{}}],"line":31},"7":{"loc":{"start":{"line":41,"column":21},"end":{"line":41,"column":36}},"type":"binary-expr","locations":[{"start":{"line":41,"column":21},"end":{"line":41,"column":28}},{"start":{"line":41,"column":32},"end":{"line":41,"column":36}}],"line":41},"8":{"loc":{"start":{"line":62,"column":4},"end":{"line":64,"column":5}},"type":"if","locations":[{"start":{"line":62,"column":4},"end":{"line":64,"column":5}},{"start":{},"end":{}}],"line":62},"9":{"loc":{"start":{"line":66,"column":4},"end":{"line":68,"column":5}},"type":"if","locations":[{"start":{"line":66,"column":4},"end":{"line":68,"column":5}},{"start":{},"end":{}}],"line":66},"10":{"loc":{"start":{"line":71,"column":4},"end":{"line":73,"column":5}},"type":"if","locations":[{"start":{"line":71,"column":4},"end":{"line":73,"column":5}},{"start":{},"end":{}}],"line":71},"11":{"loc":{"start":{"line":108,"column":4},"end":{"line":110,"column":5}},"type":"if","locations":[{"start":{"line":108,"column":4},"end":{"line":110,"column":5}},{"start":{},"end":{}}],"line":108}},"s":{"0":8,"1":8,"2":8,"3":4,"4":4,"5":4,"6":4,"7":1,"8":3,"9":3,"10":3,"11":3,"12":3,"13":1,"14":1,"15":0,"16":1,"17":1,"18":2,"19":2,"20":2,"21":1,"22":1,"23":1,"24":1,"25":2,"26":2,"27":2,"28":2,"29":0,"30":3,"31":3,"32":3,"33":3,"34":1,"35":2,"36":1,"37":1,"38":1,"39":0,"40":1,"41":1,"42":0,"43":0,"44":0,"45":0,"46":0,"47":0,"48":0,"49":8},"f":{"0":4,"1":3,"2":0},"b":{"0":[1,3],"1":[3,0],"2":[1,2],"3":[0,1],"4":[2,0],"5":[2,2],"6":[1,1],"7":[1,0],"8":[1,2],"9":[1,1],"10":[0,1],"11":[0,0]},"_coverageSchema":"1a1c01bbd47fc00a2c39e90264f33305004495a9","hash":"59d01898506dfeee55ca828b79085df5210a6c30"}
,"/Users/deshaunholden/Documents/Projects/gym-task-manager/server/src/controllers/eodController.js": {"path":"/Users/deshaunholden/Documents/Projects/gym-task-manager/server/src/controllers/eodController.js","statementMap":{"0":{"start":{"line":1,"column":15},"end":{"line":1,"column":41}},"1":{"start":{"line":2,"column":31},"end":{"line":2,"column":57}},"2":{"start":{"line":5,"column":2},"end":{"line":26,"column":3}},"3":{"start":{"line":6,"column":18},"end":{"line":6,"column":20}},"4":{"start":{"line":7,"column":4},"end":{"line":9,"column":5}},"5":{"start":{"line":8,"column":6},"end":{"line":8,"column":53}},"6":{"start":{"line":10,"column":4},"end":{"line":12,"column":5}},"7":{"start":{"line":11,"column":6},"end":{"line":11,"column":28}},"8":{"start":{"line":14,"column":22},"end":{"line":21,"column":6}},"9":{"start":{"line":23,"column":4},"end":{"line":23,"column":28}},"10":{"start":{"line":25,"column":4},"end":{"line":25,"column":14}},"11":{"start":{"line":30,"column":2},"end":{"line":43,"column":3}},"12":{"start":{"line":31,"column":21},"end":{"line":37,"column":6}},"13":{"start":{"line":39,"column":4},"end":{"line":39,"column":81}},"14":{"start":{"line":39,"column":19},"end":{"line":39,"column":81}},"15":{"start":{"line":40,"column":4},"end":{"line":40,"column":27}},"16":{"start":{"line":42,"column":4},"end":{"line":42,"column":14}},"17":{"start":{"line":47,"column":2},"end":{"line":73,"column":3}},"18":{"start":{"line":48,"column":29},"end":{"line":48,"column":37}},"19":{"start":{"line":50,"column":21},"end":{"line":68,"column":6}},"20":{"start":{"line":56,"column":44},"end":{"line":61,"column":11}},"21":{"start":{"line":70,"column":4},"end":{"line":70,"column":39}},"22":{"start":{"line":72,"column":4},"end":{"line":72,"column":14}},"23":{"start":{"line":77,"column":2},"end":{"line":119,"column":3}},"24":{"start":{"line":78,"column":21},"end":{"line":78,"column":90}},"25":{"start":{"line":79,"column":4},"end":{"line":79,"column":81}},"26":{"start":{"line":79,"column":19},"end":{"line":79,"column":81}},"27":{"start":{"line":81,"column":4},"end":{"line":83,"column":5}},"28":{"start":{"line":82,"column":6},"end":{"line":82,"column":85}},"29":{"start":{"line":85,"column":39},"end":{"line":85,"column":47}},"30":{"start":{"line":88,"column":21},"end":{"line":114,"column":6}},"31":{"start":{"line":89,"column":6},"end":{"line":91,"column":7}},"32":{"start":{"line":90,"column":8},"end":{"line":90,"column":86}},"33":{"start":{"line":93,"column":6},"end":{"line":113,"column":9}},"34":{"start":{"line":100,"column":48},"end":{"line":105,"column":15}},"35":{"start":{"line":116,"column":4},"end":{"line":116,"column":27}},"36":{"start":{"line":118,"column":4},"end":{"line":118,"column":14}},"37":{"start":{"line":123,"column":2},"end":{"line":205,"column":3}},"38":{"start":{"line":124,"column":63},"end":{"line":124,"column":71}},"39":{"start":{"line":127,"column":27},"end":{"line":127,"column":38}},"40":{"start":{"line":128,"column":24},"end":{"line":128,"column":28}},"41":{"start":{"line":129,"column":4},"end":{"line":144,"column":5}},"42":{"start":{"line":130,"column":6},"end":{"line":132,"column":7}},"43":{"start":{"line":131,"column":8},"end":{"line":131,"column":99}},"44":{"start":{"line":133,"column":6},"end":{"line":141,"column":7}},"45":{"start":{"line":134,"column":29},"end":{"line":137,"column":10}},"46":{"start":{"line":138,"column":8},"end":{"line":140,"column":9}},"47":{"start":{"line":138,"column":38},"end":{"line":138,"column":57}},"48":{"start":{"line":139,"column":10},"end":{"line":139,"column":92}},"49":{"start":{"line":142,"column":6},"end":{"line":142,"column":36}},"50":{"start":{"line":143,"column":6},"end":{"line":143,"column":34}},"51":{"start":{"line":146,"column":18},"end":{"line":146,"column":28}},"52":{"start":{"line":147,"column":4},"end":{"line":147,"column":31}},"53":{"start":{"line":149,"column":23},"end":{"line":173,"column":6}},"54":{"start":{"line":159,"column":40},"end":{"line":162,"column":11}},"55":{"start":{"line":176,"column":15},"end":{"line":176,"column":32}},"56":{"start":{"line":177,"column":4},"end":{"line":184,"column":5}},"57":{"start":{"line":178,"column":6},"end":{"line":183,"column":9}},"58":{"start":{"line":187,"column":19},"end":{"line":190,"column":6}},"59":{"start":{"line":191,"column":4},"end":{"line":200,"column":5}},"60":{"start":{"line":192,"column":6},"end":{"line":199,"column":7}},"61":{"start":{"line":193,"column":8},"end":{"line":198,"column":11}},"62":{"start":{"line":202,"column":4},"end":{"line":202,"column":41}},"63":{"start":{"line":204,"column":4},"end":{"line":204,"column":14}},"64":{"start":{"line":209,"column":2},"end":{"line":254,"column":3}},"65":{"start":{"line":210,"column":65},"end":{"line":210,"column":74}},"66":{"start":{"line":211,"column":18},"end":{"line":211,"column":20}},"67":{"start":{"line":214,"column":4},"end":{"line":222,"column":5}},"68":{"start":{"line":215,"column":6},"end":{"line":215,"column":37}},"69":{"start":{"line":216,"column":11},"end":{"line":222,"column":5}},"70":{"start":{"line":217,"column":27},"end":{"line":220,"column":8}},"71":{"start":{"line":221,"column":6},"end":{"line":221,"column":81}},"72":{"start":{"line":221,"column":72},"end":{"line":221,"column":76}},"73":{"start":{"line":224,"column":4},"end":{"line":230,"column":5}},"74":{"start":{"line":226,"column":6},"end":{"line":228,"column":7}},"75":{"start":{"line":227,"column":8},"end":{"line":227,"column":65}},"76":{"start":{"line":229,"column":6},"end":{"line":229,"column":36}},"77":{"start":{"line":231,"column":4},"end":{"line":231,"column":50}},"78":{"start":{"line":231,"column":20},"end":{"line":231,"column":50}},"79":{"start":{"line":232,"column":4},"end":{"line":240,"column":5}},"80":{"start":{"line":233,"column":16},"end":{"line":233,"column":30}},"81":{"start":{"line":234,"column":6},"end":{"line":234,"column":29}},"82":{"start":{"line":235,"column":6},"end":{"line":235,"column":21}},"83":{"start":{"line":236,"column":11},"end":{"line":240,"column":5}},"84":{"start":{"line":237,"column":6},"end":{"line":237,"column":22}},"85":{"start":{"line":238,"column":6},"end":{"line":238,"column":58}},"86":{"start":{"line":238,"column":21},"end":{"line":238,"column":58}},"87":{"start":{"line":239,"column":6},"end":{"line":239,"column":54}},"88":{"start":{"line":239,"column":19},"end":{"line":239,"column":54}},"89":{"start":{"line":242,"column":24},"end":{"line":249,"column":6}},"90":{"start":{"line":251,"column":4},"end":{"line":251,"column":30}},"91":{"start":{"line":253,"column":4},"end":{"line":253,"column":14}},"92":{"start":{"line":258,"column":2},"end":{"line":291,"column":3}},"93":{"start":{"line":259,"column":23},"end":{"line":269,"column":6}},"94":{"start":{"line":271,"column":4},"end":{"line":271,"column":85}},"95":{"start":{"line":271,"column":21},"end":{"line":271,"column":85}},"96":{"start":{"line":274,"column":4},"end":{"line":276,"column":5}},"97":{"start":{"line":275,"column":6},"end":{"line":275,"column":63}},"98":{"start":{"line":277,"column":4},"end":{"line":286,"column":5}},"99":{"start":{"line":278,"column":29},"end":{"line":281,"column":8}},"100":{"start":{"line":282,"column":25},"end":{"line":282,"column":74}},"101":{"start":{"line":282,"column":68},"end":{"line":282,"column":72}},"102":{"start":{"line":283,"column":6},"end":{"line":285,"column":7}},"103":{"start":{"line":284,"column":8},"end":{"line":284,"column":65}},"104":{"start":{"line":288,"column":4},"end":{"line":288,"column":29}},"105":{"start":{"line":290,"column":4},"end":{"line":290,"column":14}},"106":{"start":{"line":295,"column":2},"end":{"line":350,"column":3}},"107":{"start":{"line":296,"column":18},"end":{"line":296,"column":28}},"108":{"start":{"line":297,"column":4},"end":{"line":297,"column":31}},"109":{"start":{"line":300,"column":24},"end":{"line":300,"column":26}},"110":{"start":{"line":301,"column":4},"end":{"line":309,"column":5}},"111":{"start":{"line":302,"column":6},"end":{"line":302,"column":52}},"112":{"start":{"line":303,"column":11},"end":{"line":309,"column":5}},"113":{"start":{"line":304,"column":6},"end":{"line":304,"column":84}},"114":{"start":{"line":305,"column":11},"end":{"line":309,"column":5}},"115":{"start":{"line":306,"column":6},"end":{"line":306,"column":43}},"116":{"start":{"line":308,"column":6},"end":{"line":308,"column":39}},"117":{"start":{"line":311,"column":22},"end":{"line":314,"column":6}},"118":{"start":{"line":317,"column":26},"end":{"line":317,"column":44}},"119":{"start":{"line":318,"column":4},"end":{"line":320,"column":5}},"120":{"start":{"line":319,"column":6},"end":{"line":319,"column":61}},"121":{"start":{"line":321,"column":22},"end":{"line":324,"column":6}},"122":{"start":{"line":326,"column":4},"end":{"line":328,"column":5}},"123":{"start":{"line":327,"column":6},"end":{"line":327,"column":39}},"124":{"start":{"line":331,"column":20},"end":{"line":331,"column":22}},"125":{"start":{"line":332,"column":4},"end":{"line":345,"column":5}},"126":{"start":{"line":333,"column":31},"end":{"line":333,"column":33}},"127":{"start":{"line":334,"column":6},"end":{"line":341,"column":7}},"128":{"start":{"line":335,"column":27},"end":{"line":337,"column":10}},"129":{"start":{"line":338,"column":8},"end":{"line":340,"column":9}},"130":{"start":{"line":339,"column":10},"end":{"line":339,"column":44}},"131":{"start":{"line":342,"column":6},"end":{"line":344,"column":7}},"132":{"start":{"line":343,"column":8},"end":{"line":343,"column":82}},"133":{"start":{"line":347,"column":4},"end":{"line":347,"column":26}},"134":{"start":{"line":349,"column":4},"end":{"line":349,"column":14}},"135":{"start":{"line":353,"column":0},"end":{"line":353,"column":137}}},"fnMap":{"0":{"name":"getTemplates","decl":{"start":{"line":4,"column":15},"end":{"line":4,"column":27}},"loc":{"start":{"line":4,"column":44},"end":{"line":27,"column":1}},"line":4},"1":{"name":"getTemplate","decl":{"start":{"line":29,"column":15},"end":{"line":29,"column":26}},"loc":{"start":{"line":29,"column":43},"end":{"line":44,"column":1}},"line":29},"2":{"name":"createTemplate","decl":{"start":{"line":46,"column":15},"end":{"line":46,"column":29}},"loc":{"start":{"line":46,"column":46},"end":{"line":74,"column":1}},"line":46},"3":{"name":"(anonymous_3)","decl":{"start":{"line":56,"column":28},"end":{"line":56,"column":29}},"loc":{"start":{"line":56,"column":44},"end":{"line":61,"column":11}},"line":56},"4":{"name":"updateTemplate","decl":{"start":{"line":76,"column":15},"end":{"line":76,"column":29}},"loc":{"start":{"line":76,"column":46},"end":{"line":120,"column":1}},"line":76},"5":{"name":"(anonymous_5)","decl":{"start":{"line":88,"column":47},"end":{"line":88,"column":48}},"loc":{"start":{"line":88,"column":61},"end":{"line":114,"column":5}},"line":88},"6":{"name":"(anonymous_6)","decl":{"start":{"line":100,"column":32},"end":{"line":100,"column":33}},"loc":{"start":{"line":100,"column":48},"end":{"line":105,"column":15}},"line":100},"7":{"name":"submitEod","decl":{"start":{"line":122,"column":15},"end":{"line":122,"column":24}},"loc":{"start":{"line":122,"column":41},"end":{"line":206,"column":1}},"line":122},"8":{"name":"(anonymous_8)","decl":{"start":{"line":138,"column":31},"end":{"line":138,"column":32}},"loc":{"start":{"line":138,"column":38},"end":{"line":138,"column":57}},"line":138},"9":{"name":"(anonymous_9)","decl":{"start":{"line":159,"column":32},"end":{"line":159,"column":33}},"loc":{"start":{"line":159,"column":40},"end":{"line":162,"column":11}},"line":159},"10":{"name":"getSubmissions","decl":{"start":{"line":208,"column":15},"end":{"line":208,"column":29}},"loc":{"start":{"line":208,"column":46},"end":{"line":255,"column":1}},"line":208},"11":{"name":"(anonymous_11)","decl":{"start":{"line":221,"column":65},"end":{"line":221,"column":66}},"loc":{"start":{"line":221,"column":72},"end":{"line":221,"column":76}},"line":221},"12":{"name":"getSubmission","decl":{"start":{"line":257,"column":15},"end":{"line":257,"column":28}},"loc":{"start":{"line":257,"column":45},"end":{"line":292,"column":1}},"line":257},"13":{"name":"(anonymous_13)","decl":{"start":{"line":282,"column":61},"end":{"line":282,"column":62}},"loc":{"start":{"line":282,"column":68},"end":{"line":282,"column":72}},"line":282},"14":{"name":"getMissingEods","decl":{"start":{"line":294,"column":15},"end":{"line":294,"column":29}},"loc":{"start":{"line":294,"column":46},"end":{"line":351,"column":1}},"line":294}},"branchMap":{"0":{"loc":{"start":{"line":7,"column":4},"end":{"line":9,"column":5}},"type":"if","locations":[{"start":{"line":7,"column":4},"end":{"line":9,"column":5}},{"start":{},"end":{}}],"line":7},"1":{"loc":{"start":{"line":7,"column":8},"end":{"line":7,"column":60}},"type":"binary-expr","locations":[{"start":{"line":7,"column":8},"end":{"line":7,"column":33}},{"start":{"line":7,"column":37},"end":{"line":7,"column":60}}],"line":7},"2":{"loc":{"start":{"line":10,"column":4},"end":{"line":12,"column":5}},"type":"if","locations":[{"start":{"line":10,"column":4},"end":{"line":12,"column":5}},{"start":{},"end":{}}],"line":10},"3":{"loc":{"start":{"line":39,"column":4},"end":{"line":39,"column":81}},"type":"if","locations":[{"start":{"line":39,"column":4},"end":{"line":39,"column":81}},{"start":{},"end":{}}],"line":39},"4":{"loc":{"start":{"line":54,"column":24},"end":{"line":54,"column":55}},"type":"binary-expr","locations":[{"start":{"line":54,"column":24},"end":{"line":54,"column":47}},{"start":{"line":54,"column":51},"end":{"line":54,"column":55}}],"line":54},"5":{"loc":{"start":{"line":58,"column":18},"end":{"line":58,"column":37}},"type":"binary-expr","locations":[{"start":{"line":58,"column":18},"end":{"line":58,"column":27}},{"start":{"line":58,"column":31},"end":{"line":58,"column":37}}],"line":58},"6":{"loc":{"start":{"line":59,"column":23},"end":{"line":59,"column":48}},"type":"binary-expr","locations":[{"start":{"line":59,"column":23},"end":{"line":59,"column":37}},{"start":{"line":59,"column":41},"end":{"line":59,"column":48}}],"line":59},"7":{"loc":{"start":{"line":60,"column":24},"end":{"line":60,"column":48}},"type":"binary-expr","locations":[{"start":{"line":60,"column":24},"end":{"line":60,"column":39}},{"start":{"line":60,"column":43},"end":{"line":60,"column":48}}],"line":60},"8":{"loc":{"start":{"line":79,"column":4},"end":{"line":79,"column":81}},"type":"if","locations":[{"start":{"line":79,"column":4},"end":{"line":79,"column":81}},{"start":{},"end":{}}],"line":79},"9":{"loc":{"start":{"line":81,"column":4},"end":{"line":83,"column":5}},"type":"if","locations":[{"start":{"line":81,"column":4},"end":{"line":83,"column":5}},{"start":{},"end":{}}],"line":81},"10":{"loc":{"start":{"line":81,"column":8},"end":{"line":81,"column":78}},"type":"binary-expr","locations":[{"start":{"line":81,"column":8},"end":{"line":81,"column":38}},{"start":{"line":81,"column":42},"end":{"line":81,"column":78}}],"line":81},"11":{"loc":{"start":{"line":89,"column":6},"end":{"line":91,"column":7}},"type":"if","locations":[{"start":{"line":89,"column":6},"end":{"line":91,"column":7}},{"start":{},"end":{}}],"line":89},"12":{"loc":{"start":{"line":98,"column":14},"end":{"line":107,"column":11}},"type":"binary-expr","locations":[{"start":{"line":98,"column":14},"end":{"line":98,"column":19}},{"start":{"line":98,"column":23},"end":{"line":107,"column":11}}],"line":98},"13":{"loc":{"start":{"line":102,"column":22},"end":{"line":102,"column":41}},"type":"binary-expr","locations":[{"start":{"line":102,"column":22},"end":{"line":102,"column":31}},{"start":{"line":102,"column":35},"end":{"line":102,"column":41}}],"line":102},"14":{"loc":{"start":{"line":103,"column":27},"end":{"line":103,"column":52}},"type":"binary-expr","locations":[{"start":{"line":103,"column":27},"end":{"line":103,"column":41}},{"start":{"line":103,"column":45},"end":{"line":103,"column":52}}],"line":103},"15":{"loc":{"start":{"line":104,"column":28},"end":{"line":104,"column":52}},"type":"binary-expr","locations":[{"start":{"line":104,"column":28},"end":{"line":104,"column":43}},{"start":{"line":104,"column":47},"end":{"line":104,"column":52}}],"line":104},"16":{"loc":{"start":{"line":129,"column":4},"end":{"line":144,"column":5}},"type":"if","locations":[{"start":{"line":129,"column":4},"end":{"line":144,"column":5}},{"start":{},"end":{}}],"line":129},"17":{"loc":{"start":{"line":129,"column":8},"end":{"line":129,"column":48}},"type":"binary-expr","locations":[{"start":{"line":129,"column":8},"end":{"line":129,"column":18}},{"start":{"line":129,"column":22},"end":{"line":129,"column":48}}],"line":129},"18":{"loc":{"start":{"line":130,"column":6},"end":{"line":132,"column":7}},"type":"if","locations":[{"start":{"line":130,"column":6},"end":{"line":132,"column":7}},{"start":{},"end":{}}],"line":130},"19":{"loc":{"start":{"line":133,"column":6},"end":{"line":141,"column":7}},"type":"if","locations":[{"start":{"line":133,"column":6},"end":{"line":141,"column":7}},{"start":{},"end":{}}],"line":133},"20":{"loc":{"start":{"line":138,"column":8},"end":{"line":140,"column":9}},"type":"if","locations":[{"start":{"line":138,"column":8},"end":{"line":140,"column":9}},{"start":{},"end":{}}],"line":138},"21":{"loc":{"start":{"line":156,"column":15},"end":{"line":156,"column":28}},"type":"binary-expr","locations":[{"start":{"line":156,"column":15},"end":{"line":156,"column":20}},{"start":{"line":156,"column":24},"end":{"line":156,"column":28}}],"line":156},"22":{"loc":{"start":{"line":157,"column":14},"end":{"line":157,"column":48}},"type":"cond-expr","locations":[{"start":{"line":157,"column":29},"end":{"line":157,"column":41}},{"start":{"line":157,"column":44},"end":{"line":157,"column":48}}],"line":157},"23":{"loc":{"start":{"line":177,"column":4},"end":{"line":184,"column":5}},"type":"if","locations":[{"start":{"line":177,"column":4},"end":{"line":184,"column":5}},{"start":{},"end":{}}],"line":177},"24":{"loc":{"start":{"line":192,"column":6},"end":{"line":199,"column":7}},"type":"if","locations":[{"start":{"line":192,"column":6},"end":{"line":199,"column":7}},{"start":{},"end":{}}],"line":192},"25":{"loc":{"start":{"line":214,"column":4},"end":{"line":222,"column":5}},"type":"if","locations":[{"start":{"line":214,"column":4},"end":{"line":222,"column":5}},{"start":{"line":216,"column":11},"end":{"line":222,"column":5}}],"line":214},"26":{"loc":{"start":{"line":216,"column":11},"end":{"line":222,"column":5}},"type":"if","locations":[{"start":{"line":216,"column":11},"end":{"line":222,"column":5}},{"start":{},"end":{}}],"line":216},"27":{"loc":{"start":{"line":224,"column":4},"end":{"line":230,"column":5}},"type":"if","locations":[{"start":{"line":224,"column":4},"end":{"line":230,"column":5}},{"start":{},"end":{}}],"line":224},"28":{"loc":{"start":{"line":226,"column":6},"end":{"line":228,"column":7}},"type":"if","locations":[{"start":{"line":226,"column":6},"end":{"line":228,"column":7}},{"start":{},"end":{}}],"line":226},"29":{"loc":{"start":{"line":226,"column":10},"end":{"line":226,"column":68}},"type":"binary-expr","locations":[{"start":{"line":226,"column":10},"end":{"line":226,"column":38}},{"start":{"line":226,"column":42},"end":{"line":226,"column":68}}],"line":226},"30":{"loc":{"start":{"line":231,"column":4},"end":{"line":231,"column":50}},"type":"if","locations":[{"start":{"line":231,"column":4},"end":{"line":231,"column":50}},{"start":{},"end":{}}],"line":231},"31":{"loc":{"start":{"line":232,"column":4},"end":{"line":240,"column":5}},"type":"if","locations":[{"start":{"line":232,"column":4},"end":{"line":240,"column":5}},{"start":{"line":236,"column":11},"end":{"line":240,"column":5}}],"line":232},"32":{"loc":{"start":{"line":236,"column":11},"end":{"line":240,"column":5}},"type":"if","locations":[{"start":{"line":236,"column":11},"end":{"line":240,"column":5}},{"start":{},"end":{}}],"line":236},"33":{"loc":{"start":{"line":236,"column":15},"end":{"line":236,"column":35}},"type":"binary-expr","locations":[{"start":{"line":236,"column":15},"end":{"line":236,"column":24}},{"start":{"line":236,"column":28},"end":{"line":236,"column":35}}],"line":236},"34":{"loc":{"start":{"line":238,"column":6},"end":{"line":238,"column":58}},"type":"if","locations":[{"start":{"line":238,"column":6},"end":{"line":238,"column":58}},{"start":{},"end":{}}],"line":238},"35":{"loc":{"start":{"line":239,"column":6},"end":{"line":239,"column":54}},"type":"if","locations":[{"start":{"line":239,"column":6},"end":{"line":239,"column":54}},{"start":{},"end":{}}],"line":239},"36":{"loc":{"start":{"line":271,"column":4},"end":{"line":271,"column":85}},"type":"if","locations":[{"start":{"line":271,"column":4},"end":{"line":271,"column":85}},{"start":{},"end":{}}],"line":271},"37":{"loc":{"start":{"line":274,"column":4},"end":{"line":276,"column":5}},"type":"if","locations":[{"start":{"line":274,"column":4},"end":{"line":276,"column":5}},{"start":{},"end":{}}],"line":274},"38":{"loc":{"start":{"line":274,"column":8},"end":{"line":274,"column":77}},"type":"binary-expr","locations":[{"start":{"line":274,"column":8},"end":{"line":274,"column":36}},{"start":{"line":274,"column":40},"end":{"line":274,"column":77}}],"line":274},"39":{"loc":{"start":{"line":277,"column":4},"end":{"line":286,"column":5}},"type":"if","locations":[{"start":{"line":277,"column":4},"end":{"line":286,"column":5}},{"start":{},"end":{}}],"line":277},"40":{"loc":{"start":{"line":283,"column":6},"end":{"line":285,"column":7}},"type":"if","locations":[{"start":{"line":283,"column":6},"end":{"line":285,"column":7}},{"start":{},"end":{}}],"line":283},"41":{"loc":{"start":{"line":301,"column":4},"end":{"line":309,"column":5}},"type":"if","locations":[{"start":{"line":301,"column":4},"end":{"line":309,"column":5}},{"start":{"line":303,"column":11},"end":{"line":309,"column":5}}],"line":301},"42":{"loc":{"start":{"line":303,"column":11},"end":{"line":309,"column":5}},"type":"if","locations":[{"start":{"line":303,"column":11},"end":{"line":309,"column":5}},{"start":{"line":305,"column":11},"end":{"line":309,"column":5}}],"line":303},"43":{"loc":{"start":{"line":303,"column":15},"end":{"line":303,"column":67}},"type":"binary-expr","locations":[{"start":{"line":303,"column":15},"end":{"line":303,"column":40}},{"start":{"line":303,"column":44},"end":{"line":303,"column":67}}],"line":303},"44":{"loc":{"start":{"line":305,"column":11},"end":{"line":309,"column":5}},"type":"if","locations":[{"start":{"line":305,"column":11},"end":{"line":309,"column":5}},{"start":{"line":307,"column":11},"end":{"line":309,"column":5}}],"line":305},"45":{"loc":{"start":{"line":318,"column":4},"end":{"line":320,"column":5}},"type":"if","locations":[{"start":{"line":318,"column":4},"end":{"line":320,"column":5}},{"start":{},"end":{}}],"line":318},"46":{"loc":{"start":{"line":326,"column":4},"end":{"line":328,"column":5}},"type":"if","locations":[{"start":{"line":326,"column":4},"end":{"line":328,"column":5}},{"start":{},"end":{}}],"line":326},"47":{"loc":{"start":{"line":326,"column":8},"end":{"line":326,"column":56}},"type":"binary-expr","locations":[{"start":{"line":326,"column":8},"end":{"line":326,"column":30}},{"start":{"line":326,"column":34},"end":{"line":326,"column":56}}],"line":326},"48":{"loc":{"start":{"line":338,"column":8},"end":{"line":340,"column":9}},"type":"if","locations":[{"start":{"line":338,"column":8},"end":{"line":340,"column":9}},{"start":{},"end":{}}],"line":338},"49":{"loc":{"start":{"line":342,"column":6},"end":{"line":344,"column":7}},"type":"if","locations":[{"start":{"line":342,"column":6},"end":{"line":344,"column":7}},{"start":{},"end":{}}],"line":342}},"s":{"0":8,"1":8,"2":2,"3":2,"4":2,"5":1,"6":2,"7":1,"8":2,"9":2,"10":0,"11":2,"12":2,"13":2,"14":1,"15":1,"16":0,"17":1,"18":1,"19":1,"20":1,"21":1,"22":0,"23":3,"24":3,"25":3,"26":1,"27":2,"28":1,"29":1,"30":1,"31":0,"32":0,"33":0,"34":0,"35":1,"36":0,"37":4,"38":4,"39":4,"40":4,"41":4,"42":3,"43":1,"44":2,"45":1,"46":1,"47":1,"48":1,"49":1,"50":1,"51":2,"52":2,"53":2,"54":2,"55":2,"56":2,"57":2,"58":2,"59":2,"60":0,"61":0,"62":2,"63":0,"64":6,"65":6,"66":6,"67":6,"68":2,"69":4,"70":1,"71":1,"72":1,"73":6,"74":1,"75":1,"76":0,"77":5,"78":0,"79":5,"80":1,"81":1,"82":1,"83":4,"84":1,"85":1,"86":1,"87":1,"88":1,"89":5,"90":5,"91":0,"92":6,"93":6,"94":6,"95":1,"96":5,"97":1,"98":4,"99":2,"100":2,"101":2,"102":2,"103":1,"104":3,"105":0,"106":4,"107":4,"108":4,"109":4,"110":4,"111":1,"112":3,"113":3,"114":0,"115":0,"116":0,"117":4,"118":4,"119":4,"120":4,"121":4,"122":4,"123":2,"124":2,"125":2,"126":2,"127":2,"128":2,"129":2,"130":1,"131":2,"132":1,"133":2,"134":0,"135":8},"f":{"0":2,"1":2,"2":1,"3":1,"4":3,"5":0,"6":0,"7":4,"8":1,"9":2,"10":6,"11":1,"12":6,"13":2,"14":4},"b":{"0":[1,1],"1":[2,1],"2":[1,1],"3":[1,1],"4":[1,0],"5":[1,0],"6":[1,1],"7":[1,1],"8":[1,2],"9":[1,1],"10":[2,1],"11":[0,0],"12":[0,0],"13":[0,0],"14":[0,0],"15":[0,0],"16":[3,1],"17":[4,3],"18":[1,2],"19":[1,1],"20":[1,0],"21":[2,2],"22":[0,2],"23":[2,0],"24":[0,0],"25":[2,4],"26":[1,3],"27":[1,5],"28":[1,0],"29":[1,1],"30":[0,5],"31":[1,4],"32":[1,3],"33":[4,3],"34":[1,0],"35":[1,0],"36":[1,5],"37":[1,4],"38":[5,2],"39":[2,2],"40":[1,1],"41":[1,3],"42":[3,0],"43":[3,3],"44":[0,0],"45":[4,0],"46":[2,2],"47":[4,3],"48":[1,1],"49":[1,1]},"_coverageSchema":"1a1c01bbd47fc00a2c39e90264f33305004495a9","hash":"90377747b0e45545f4edf777256b2b8b9edeca47"}
,"/Users/deshaunholden/Documents/Projects/gym-task-manager/server/src/controllers/notificationController.js": {"path":"/Users/deshaunholden/Documents/Projects/gym-task-manager/server/src/controllers/notificationController.js","statementMap":{"0":{"start":{"line":1,"column":15},"end":{"line":1,"column":41}},"1":{"start":{"line":2,"column":31},"end":{"line":2,"column":57}},"2":{"start":{"line":5,"column":2},"end":{"line":22,"column":3}},"3":{"start":{"line":6,"column":27},"end":{"line":6,"column":36}},"4":{"start":{"line":7,"column":18},"end":{"line":7,"column":41}},"5":{"start":{"line":9,"column":4},"end":{"line":11,"column":5}},"6":{"start":{"line":10,"column":6},"end":{"line":10,"column":27}},"7":{"start":{"line":13,"column":26},"end":{"line":17,"column":6}},"8":{"start":{"line":19,"column":4},"end":{"line":19,"column":32}},"9":{"start":{"line":21,"column":4},"end":{"line":21,"column":14}},"10":{"start":{"line":26,"column":2},"end":{"line":39,"column":3}},"11":{"start":{"line":27,"column":26},"end":{"line":34,"column":6}},"12":{"start":{"line":36,"column":4},"end":{"line":36,"column":32}},"13":{"start":{"line":38,"column":4},"end":{"line":38,"column":14}},"14":{"start":{"line":43,"column":2},"end":{"line":61,"column":3}},"15":{"start":{"line":44,"column":25},"end":{"line":46,"column":6}},"16":{"start":{"line":48,"column":4},"end":{"line":48,"column":89}},"17":{"start":{"line":48,"column":23},"end":{"line":48,"column":89}},"18":{"start":{"line":49,"column":4},"end":{"line":51,"column":5}},"19":{"start":{"line":50,"column":6},"end":{"line":50,"column":63}},"20":{"start":{"line":53,"column":20},"end":{"line":56,"column":6}},"21":{"start":{"line":58,"column":4},"end":{"line":58,"column":40}},"22":{"start":{"line":60,"column":4},"end":{"line":60,"column":14}},"23":{"start":{"line":65,"column":2},"end":{"line":106,"column":3}},"24":{"start":{"line":66,"column":51},"end":{"line":66,"column":59}},"25":{"start":{"line":68,"column":4},"end":{"line":70,"column":5}},"26":{"start":{"line":69,"column":6},"end":{"line":69,"column":69}},"27":{"start":{"line":72,"column":15},"end":{"line":72,"column":32}},"28":{"start":{"line":73,"column":22},"end":{"line":73,"column":40}},"29":{"start":{"line":75,"column":4},"end":{"line":82,"column":5}},"30":{"start":{"line":76,"column":6},"end":{"line":76,"column":43}},"31":{"start":{"line":77,"column":11},"end":{"line":82,"column":5}},"32":{"start":{"line":78,"column":6},"end":{"line":78,"column":34}},"33":{"start":{"line":81,"column":6},"end":{"line":81,"column":58}},"34":{"start":{"line":85,"column":4},"end":{"line":85,"column":56}},"35":{"start":{"line":87,"column":18},"end":{"line":90,"column":6}},"36":{"start":{"line":92,"column":26},"end":{"line":92,"column":28}},"37":{"start":{"line":93,"column":4},"end":{"line":101,"column":5}},"38":{"start":{"line":94,"column":6},"end":{"line":94,"column":41}},"39":{"start":{"line":94,"column":32},"end":{"line":94,"column":41}},"40":{"start":{"line":95,"column":16},"end":{"line":99,"column":8}},"41":{"start":{"line":100,"column":6},"end":{"line":100,"column":28}},"42":{"start":{"line":103,"column":4},"end":{"line":103,"column":96}},"43":{"start":{"line":105,"column":4},"end":{"line":105,"column":14}},"44":{"start":{"line":110,"column":2},"end":{"line":128,"column":3}},"45":{"start":{"line":111,"column":25},"end":{"line":113,"column":6}},"46":{"start":{"line":115,"column":4},"end":{"line":115,"column":89}},"47":{"start":{"line":115,"column":23},"end":{"line":115,"column":89}},"48":{"start":{"line":116,"column":4},"end":{"line":118,"column":5}},"49":{"start":{"line":117,"column":6},"end":{"line":117,"column":63}},"50":{"start":{"line":120,"column":20},"end":{"line":123,"column":6}},"51":{"start":{"line":125,"column":4},"end":{"line":125,"column":40}},"52":{"start":{"line":127,"column":4},"end":{"line":127,"column":14}},"53":{"start":{"line":132,"column":2},"end":{"line":141,"column":3}},"54":{"start":{"line":133,"column":4},"end":{"line":136,"column":7}},"55":{"start":{"line":138,"column":4},"end":{"line":138,"column":63}},"56":{"start":{"line":140,"column":4},"end":{"line":140,"column":14}},"57":{"start":{"line":144,"column":0},"end":{"line":144,"column":134}}},"fnMap":{"0":{"name":"getNotifications","decl":{"start":{"line":4,"column":15},"end":{"line":4,"column":31}},"loc":{"start":{"line":4,"column":48},"end":{"line":23,"column":1}},"line":4},"1":{"name":"getUrgentNotifications","decl":{"start":{"line":25,"column":15},"end":{"line":25,"column":37}},"loc":{"start":{"line":25,"column":54},"end":{"line":40,"column":1}},"line":25},"2":{"name":"acknowledgeNotification","decl":{"start":{"line":42,"column":15},"end":{"line":42,"column":38}},"loc":{"start":{"line":42,"column":55},"end":{"line":62,"column":1}},"line":42},"3":{"name":"sendUrgentNotification","decl":{"start":{"line":64,"column":15},"end":{"line":64,"column":37}},"loc":{"start":{"line":64,"column":54},"end":{"line":107,"column":1}},"line":64},"4":{"name":"markRead","decl":{"start":{"line":109,"column":15},"end":{"line":109,"column":23}},"loc":{"start":{"line":109,"column":40},"end":{"line":129,"column":1}},"line":109},"5":{"name":"markAllRead","decl":{"start":{"line":131,"column":15},"end":{"line":131,"column":26}},"loc":{"start":{"line":131,"column":43},"end":{"line":142,"column":1}},"line":131}},"branchMap":{"0":{"loc":{"start":{"line":9,"column":4},"end":{"line":11,"column":5}},"type":"if","locations":[{"start":{"line":9,"column":4},"end":{"line":11,"column":5}},{"start":{},"end":{}}],"line":9},"1":{"loc":{"start":{"line":48,"column":4},"end":{"line":48,"column":89}},"type":"if","locations":[{"start":{"line":48,"column":4},"end":{"line":48,"column":89}},{"start":{},"end":{}}],"line":48},"2":{"loc":{"start":{"line":49,"column":4},"end":{"line":51,"column":5}},"type":"if","locations":[{"start":{"line":49,"column":4},"end":{"line":51,"column":5}},{"start":{},"end":{}}],"line":49},"3":{"loc":{"start":{"line":68,"column":4},"end":{"line":70,"column":5}},"type":"if","locations":[{"start":{"line":68,"column":4},"end":{"line":70,"column":5}},{"start":{},"end":{}}],"line":68},"4":{"loc":{"start":{"line":75,"column":4},"end":{"line":82,"column":5}},"type":"if","locations":[{"start":{"line":75,"column":4},"end":{"line":82,"column":5}},{"start":{"line":77,"column":11},"end":{"line":82,"column":5}}],"line":75},"5":{"loc":{"start":{"line":75,"column":8},"end":{"line":75,"column":49}},"type":"binary-expr","locations":[{"start":{"line":75,"column":8},"end":{"line":75,"column":21}},{"start":{"line":75,"column":25},"end":{"line":75,"column":49}}],"line":75},"6":{"loc":{"start":{"line":77,"column":11},"end":{"line":82,"column":5}},"type":"if","locations":[{"start":{"line":77,"column":11},"end":{"line":82,"column":5}},{"start":{"line":79,"column":11},"end":{"line":82,"column":5}}],"line":77},"7":{"loc":{"start":{"line":85,"column":19},"end":{"line":85,"column":55}},"type":"binary-expr","locations":[{"start":{"line":85,"column":19},"end":{"line":85,"column":31}},{"start":{"line":85,"column":35},"end":{"line":85,"column":55}}],"line":85},"8":{"loc":{"start":{"line":94,"column":6},"end":{"line":94,"column":41}},"type":"if","locations":[{"start":{"line":94,"column":6},"end":{"line":94,"column":41}},{"start":{},"end":{}}],"line":94},"9":{"loc":{"start":{"line":115,"column":4},"end":{"line":115,"column":89}},"type":"if","locations":[{"start":{"line":115,"column":4},"end":{"line":115,"column":89}},{"start":{},"end":{}}],"line":115},"10":{"loc":{"start":{"line":116,"column":4},"end":{"line":118,"column":5}},"type":"if","locations":[{"start":{"line":116,"column":4},"end":{"line":118,"column":5}},{"start":{},"end":{}}],"line":116}},"s":{"0":8,"1":8,"2":2,"3":2,"4":2,"5":2,"6":0,"7":2,"8":2,"9":0,"10":1,"11":1,"12":1,"13":0,"14":2,"15":2,"16":2,"17":1,"18":1,"19":0,"20":1,"21":1,"22":0,"23":1,"24":1,"25":1,"26":0,"27":1,"28":1,"29":1,"30":0,"31":1,"32":0,"33":1,"34":1,"35":1,"36":1,"37":1,"38":1,"39":0,"40":1,"41":1,"42":1,"43":0,"44":2,"45":2,"46":2,"47":1,"48":1,"49":0,"50":1,"51":1,"52":0,"53":1,"54":1,"55":1,"56":0,"57":8},"f":{"0":2,"1":1,"2":2,"3":1,"4":2,"5":1},"b":{"0":[0,2],"1":[1,1],"2":[0,1],"3":[0,1],"4":[0,1],"5":[1,0],"6":[0,1],"7":[1,1],"8":[0,1],"9":[1,1],"10":[0,1]},"_coverageSchema":"1a1c01bbd47fc00a2c39e90264f33305004495a9","hash":"52818f764a724f656bcf974eb603c27dd54523b2"}
,"/Users/deshaunholden/Documents/Projects/gym-task-manager/server/src/controllers/resourceController.js": {"path":"/Users/deshaunholden/Documents/Projects/gym-task-manager/server/src/controllers/resourceController.js","statementMap":{"0":{"start":{"line":1,"column":15},"end":{"line":1,"column":41}},"1":{"start":{"line":4,"column":2},"end":{"line":21,"column":3}},"2":{"start":{"line":5,"column":18},"end":{"line":5,"column":20}},"3":{"start":{"line":6,"column":4},"end":{"line":8,"column":5}},"4":{"start":{"line":7,"column":6},"end":{"line":7,"column":53}},"5":{"start":{"line":9,"column":25},"end":{"line":9,"column":34}},"6":{"start":{"line":10,"column":4},"end":{"line":10,"column":44}},"7":{"start":{"line":10,"column":18},"end":{"line":10,"column":44}},"8":{"start":{"line":12,"column":22},"end":{"line":16,"column":6}},"9":{"start":{"line":18,"column":4},"end":{"line":18,"column":28}},"10":{"start":{"line":20,"column":4},"end":{"line":20,"column":14}},"11":{"start":{"line":25,"column":2},"end":{"line":43,"column":3}},"12":{"start":{"line":26,"column":50},"end":{"line":26,"column":58}},"13":{"start":{"line":28,"column":21},"end":{"line":38,"column":6}},"14":{"start":{"line":40,"column":4},"end":{"line":40,"column":39}},"15":{"start":{"line":42,"column":4},"end":{"line":42,"column":14}},"16":{"start":{"line":47,"column":2},"end":{"line":62,"column":3}},"17":{"start":{"line":48,"column":21},"end":{"line":48,"column":87}},"18":{"start":{"line":49,"column":4},"end":{"line":49,"column":81}},"19":{"start":{"line":49,"column":19},"end":{"line":49,"column":81}},"20":{"start":{"line":51,"column":50},"end":{"line":51,"column":58}},"21":{"start":{"line":53,"column":21},"end":{"line":57,"column":6}},"22":{"start":{"line":59,"column":4},"end":{"line":59,"column":27}},"23":{"start":{"line":61,"column":4},"end":{"line":61,"column":14}},"24":{"start":{"line":66,"column":2},"end":{"line":74,"column":3}},"25":{"start":{"line":67,"column":21},"end":{"line":67,"column":87}},"26":{"start":{"line":68,"column":4},"end":{"line":68,"column":81}},"27":{"start":{"line":68,"column":19},"end":{"line":68,"column":81}},"28":{"start":{"line":70,"column":4},"end":{"line":70,"column":67}},"29":{"start":{"line":71,"column":4},"end":{"line":71,"column":47}},"30":{"start":{"line":73,"column":4},"end":{"line":73,"column":14}},"31":{"start":{"line":77,"column":0},"end":{"line":77,"column":82}}},"fnMap":{"0":{"name":"getResources","decl":{"start":{"line":3,"column":15},"end":{"line":3,"column":27}},"loc":{"start":{"line":3,"column":44},"end":{"line":22,"column":1}},"line":3},"1":{"name":"createResource","decl":{"start":{"line":24,"column":15},"end":{"line":24,"column":29}},"loc":{"start":{"line":24,"column":46},"end":{"line":44,"column":1}},"line":24},"2":{"name":"updateResource","decl":{"start":{"line":46,"column":15},"end":{"line":46,"column":29}},"loc":{"start":{"line":46,"column":46},"end":{"line":63,"column":1}},"line":46},"3":{"name":"deleteResource","decl":{"start":{"line":65,"column":15},"end":{"line":65,"column":29}},"loc":{"start":{"line":65,"column":46},"end":{"line":75,"column":1}},"line":65}},"branchMap":{"0":{"loc":{"start":{"line":6,"column":4},"end":{"line":8,"column":5}},"type":"if","locations":[{"start":{"line":6,"column":4},"end":{"line":8,"column":5}},{"start":{},"end":{}}],"line":6},"1":{"loc":{"start":{"line":6,"column":8},"end":{"line":6,"column":60}},"type":"binary-expr","locations":[{"start":{"line":6,"column":8},"end":{"line":6,"column":33}},{"start":{"line":6,"column":37},"end":{"line":6,"column":60}}],"line":6},"2":{"loc":{"start":{"line":10,"column":4},"end":{"line":10,"column":44}},"type":"if","locations":[{"start":{"line":10,"column":4},"end":{"line":10,"column":44}},{"start":{},"end":{}}],"line":10},"3":{"loc":{"start":{"line":32,"column":21},"end":{"line":32,"column":40}},"type":"binary-expr","locations":[{"start":{"line":32,"column":21},"end":{"line":32,"column":32}},{"start":{"line":32,"column":36},"end":{"line":32,"column":40}}],"line":32},"4":{"loc":{"start":{"line":33,"column":18},"end":{"line":33,"column":34}},"type":"binary-expr","locations":[{"start":{"line":33,"column":18},"end":{"line":33,"column":26}},{"start":{"line":33,"column":30},"end":{"line":33,"column":34}}],"line":33},"5":{"loc":{"start":{"line":34,"column":24},"end":{"line":34,"column":55}},"type":"binary-expr","locations":[{"start":{"line":34,"column":24},"end":{"line":34,"column":47}},{"start":{"line":34,"column":51},"end":{"line":34,"column":55}}],"line":34},"6":{"loc":{"start":{"line":49,"column":4},"end":{"line":49,"column":81}},"type":"if","locations":[{"start":{"line":49,"column":4},"end":{"line":49,"column":81}},{"start":{},"end":{}}],"line":49},"7":{"loc":{"start":{"line":68,"column":4},"end":{"line":68,"column":81}},"type":"if","locations":[{"start":{"line":68,"column":4},"end":{"line":68,"column":81}},{"start":{},"end":{}}],"line":68}},"s":{"0":8,"1":2,"2":2,"3":2,"4":1,"5":2,"6":2,"7":0,"8":2,"9":2,"10":0,"11":2,"12":2,"13":2,"14":2,"15":0,"16":2,"17":2,"18":2,"19":1,"20":1,"21":1,"22":1,"23":0,"24":2,"25":2,"26":2,"27":1,"28":1,"29":1,"30":0,"31":8},"f":{"0":2,"1":2,"2":2,"3":2},"b":{"0":[1,1],"1":[2,1],"2":[0,2],"3":[2,2],"4":[2,2],"5":[2,0],"6":[1,1],"7":[1,1]},"_coverageSchema":"1a1c01bbd47fc00a2c39e90264f33305004495a9","hash":"89ee3df689d73ef9e51d084790548562155b5e76"}
,"/Users/deshaunholden/Documents/Projects/gym-task-manager/server/src/controllers/taskCategoryController.js": {"path":"/Users/deshaunholden/Documents/Projects/gym-task-manager/server/src/controllers/taskCategoryController.js","statementMap":{"0":{"start":{"line":1,"column":15},"end":{"line":1,"column":41}},"1":{"start":{"line":3,"column":27},"end":{"line":10,"column":1}},"2":{"start":{"line":13,"column":2},"end":{"line":32,"column":3}},"3":{"start":{"line":14,"column":18},"end":{"line":14,"column":20}},"4":{"start":{"line":15,"column":4},"end":{"line":17,"column":5}},"5":{"start":{"line":16,"column":6},"end":{"line":16,"column":53}},"6":{"start":{"line":19,"column":19},"end":{"line":22,"column":6}},"7":{"start":{"line":24,"column":23},"end":{"line":27,"column":5}},"8":{"start":{"line":25,"column":43},"end":{"line":25,"column":68}},"9":{"start":{"line":26,"column":28},"end":{"line":26,"column":72}},"10":{"start":{"line":29,"column":4},"end":{"line":29,"column":29}},"11":{"start":{"line":31,"column":4},"end":{"line":31,"column":14}},"12":{"start":{"line":36,"column":2},"end":{"line":50,"column":3}},"13":{"start":{"line":37,"column":21},"end":{"line":37,"column":29}},"14":{"start":{"line":39,"column":21},"end":{"line":45,"column":6}},"15":{"start":{"line":47,"column":4},"end":{"line":47,"column":39}},"16":{"start":{"line":49,"column":4},"end":{"line":49,"column":14}},"17":{"start":{"line":54,"column":2},"end":{"line":64,"column":3}},"18":{"start":{"line":55,"column":21},"end":{"line":57,"column":6}},"19":{"start":{"line":58,"column":4},"end":{"line":58,"column":81}},"20":{"start":{"line":58,"column":19},"end":{"line":58,"column":81}},"21":{"start":{"line":60,"column":4},"end":{"line":60,"column":77}},"22":{"start":{"line":61,"column":4},"end":{"line":61,"column":47}},"23":{"start":{"line":63,"column":4},"end":{"line":63,"column":14}},"24":{"start":{"line":67,"column":0},"end":{"line":67,"column":67}}},"fnMap":{"0":{"name":"getCategories","decl":{"start":{"line":12,"column":15},"end":{"line":12,"column":28}},"loc":{"start":{"line":12,"column":45},"end":{"line":33,"column":1}},"line":12},"1":{"name":"(anonymous_1)","decl":{"start":{"line":25,"column":32},"end":{"line":25,"column":33}},"loc":{"start":{"line":25,"column":43},"end":{"line":25,"column":68}},"line":25},"2":{"name":"(anonymous_2)","decl":{"start":{"line":26,"column":20},"end":{"line":26,"column":21}},"loc":{"start":{"line":26,"column":28},"end":{"line":26,"column":72}},"line":26},"3":{"name":"createCategory","decl":{"start":{"line":35,"column":15},"end":{"line":35,"column":29}},"loc":{"start":{"line":35,"column":46},"end":{"line":51,"column":1}},"line":35},"4":{"name":"deleteCategory","decl":{"start":{"line":53,"column":15},"end":{"line":53,"column":29}},"loc":{"start":{"line":53,"column":46},"end":{"line":65,"column":1}},"line":53}},"branchMap":{"0":{"loc":{"start":{"line":15,"column":4},"end":{"line":17,"column":5}},"type":"if","locations":[{"start":{"line":15,"column":4},"end":{"line":17,"column":5}},{"start":{},"end":{}}],"line":15},"1":{"loc":{"start":{"line":15,"column":8},"end":{"line":15,"column":60}},"type":"binary-expr","locations":[{"start":{"line":15,"column":8},"end":{"line":15,"column":33}},{"start":{"line":15,"column":37},"end":{"line":15,"column":60}}],"line":15},"2":{"loc":{"start":{"line":43,"column":24},"end":{"line":43,"column":55}},"type":"binary-expr","locations":[{"start":{"line":43,"column":24},"end":{"line":43,"column":47}},{"start":{"line":43,"column":51},"end":{"line":43,"column":55}}],"line":43},"3":{"loc":{"start":{"line":58,"column":4},"end":{"line":58,"column":81}},"type":"if","locations":[{"start":{"line":58,"column":4},"end":{"line":58,"column":81}},{"start":{},"end":{}}],"line":58}},"s":{"0":8,"1":8,"2":2,"3":2,"4":2,"5":1,"6":2,"7":2,"8":12,"9":2,"10":2,"11":0,"12":2,"13":2,"14":2,"15":2,"16":0,"17":2,"18":2,"19":2,"20":1,"21":1,"22":1,"23":0,"24":8},"f":{"0":2,"1":12,"2":2,"3":2,"4":2},"b":{"0":[1,1],"1":[2,1],"2":[2,0],"3":[1,1]},"_coverageSchema":"1a1c01bbd47fc00a2c39e90264f33305004495a9","hash":"9a0856631997509d2b97faa1f709754f741b9fa5"}
,"/Users/deshaunholden/Documents/Projects/gym-task-manager/server/src/controllers/taskController.js": {"path":"/Users/deshaunholden/Documents/Projects/gym-task-manager/server/src/controllers/taskController.js","statementMap":{"0":{"start":{"line":1,"column":15},"end":{"line":1,"column":41}},"1":{"start":{"line":2,"column":31},"end":{"line":2,"column":57}},"2":{"start":{"line":5,"column":2},"end":{"line":5,"column":36}},"3":{"start":{"line":5,"column":24},"end":{"line":5,"column":36}},"4":{"start":{"line":6,"column":2},"end":{"line":12,"column":3}},"5":{"start":{"line":7,"column":25},"end":{"line":10,"column":6}},"6":{"start":{"line":11,"column":4},"end":{"line":11,"column":54}},"7":{"start":{"line":11,"column":47},"end":{"line":11,"column":51}},"8":{"start":{"line":13,"column":2},"end":{"line":13,"column":18}},"9":{"start":{"line":17,"column":2},"end":{"line":59,"column":3}},"10":{"start":{"line":18,"column":72},"end":{"line":18,"column":81}},"11":{"start":{"line":19,"column":18},"end":{"line":19,"column":20}},"12":{"start":{"line":22,"column":23},"end":{"line":22,"column":71}},"13":{"start":{"line":23,"column":4},"end":{"line":25,"column":5}},"14":{"start":{"line":24,"column":6},"end":{"line":24,"column":46}},"15":{"start":{"line":28,"column":4},"end":{"line":30,"column":5}},"16":{"start":{"line":29,"column":6},"end":{"line":29,"column":53}},"17":{"start":{"line":33,"column":4},"end":{"line":38,"column":5}},"18":{"start":{"line":34,"column":6},"end":{"line":36,"column":7}},"19":{"start":{"line":35,"column":8},"end":{"line":35,"column":83}},"20":{"start":{"line":37,"column":6},"end":{"line":37,"column":40}},"21":{"start":{"line":39,"column":4},"end":{"line":39,"column":44}},"22":{"start":{"line":39,"column":18},"end":{"line":39,"column":44}},"23":{"start":{"line":40,"column":4},"end":{"line":40,"column":78}},"24":{"start":{"line":40,"column":35},"end":{"line":40,"column":78}},"25":{"start":{"line":41,"column":4},"end":{"line":45,"column":5}},"26":{"start":{"line":42,"column":6},"end":{"line":42,"column":25}},"27":{"start":{"line":43,"column":6},"end":{"line":43,"column":61}},"28":{"start":{"line":43,"column":21},"end":{"line":43,"column":61}},"29":{"start":{"line":44,"column":6},"end":{"line":44,"column":57}},"30":{"start":{"line":44,"column":19},"end":{"line":44,"column":57}},"31":{"start":{"line":47,"column":18},"end":{"line":54,"column":6}},"32":{"start":{"line":56,"column":4},"end":{"line":56,"column":24}},"33":{"start":{"line":58,"column":4},"end":{"line":58,"column":14}},"34":{"start":{"line":63,"column":2},"end":{"line":83,"column":3}},"35":{"start":{"line":64,"column":17},"end":{"line":70,"column":6}},"36":{"start":{"line":72,"column":4},"end":{"line":72,"column":73}},"37":{"start":{"line":72,"column":15},"end":{"line":72,"column":73}},"38":{"start":{"line":75,"column":23},"end":{"line":75,"column":71}},"39":{"start":{"line":76,"column":4},"end":{"line":78,"column":5}},"40":{"start":{"line":77,"column":6},"end":{"line":77,"column":63}},"41":{"start":{"line":80,"column":4},"end":{"line":80,"column":23}},"42":{"start":{"line":82,"column":4},"end":{"line":82,"column":14}},"43":{"start":{"line":87,"column":2},"end":{"line":130,"column":3}},"44":{"start":{"line":88,"column":86},"end":{"line":88,"column":94}},"45":{"start":{"line":91,"column":4},"end":{"line":96,"column":5}},"46":{"start":{"line":92,"column":25},"end":{"line":92,"column":72}},"47":{"start":{"line":93,"column":6},"end":{"line":95,"column":7}},"48":{"start":{"line":94,"column":8},"end":{"line":94,"column":86}},"49":{"start":{"line":98,"column":17},"end":{"line":114,"column":6}},"50":{"start":{"line":117,"column":15},"end":{"line":117,"column":32}},"51":{"start":{"line":118,"column":4},"end":{"line":125,"column":5}},"52":{"start":{"line":119,"column":6},"end":{"line":124,"column":9}},"53":{"start":{"line":127,"column":4},"end":{"line":127,"column":35}},"54":{"start":{"line":129,"column":4},"end":{"line":129,"column":14}},"55":{"start":{"line":134,"column":2},"end":{"line":185,"column":3}},"56":{"start":{"line":135,"column":21},"end":{"line":135,"column":83}},"57":{"start":{"line":136,"column":4},"end":{"line":136,"column":77}},"58":{"start":{"line":136,"column":19},"end":{"line":136,"column":77}},"59":{"start":{"line":139,"column":23},"end":{"line":139,"column":71}},"60":{"start":{"line":140,"column":4},"end":{"line":142,"column":5}},"61":{"start":{"line":141,"column":6},"end":{"line":141,"column":63}},"62":{"start":{"line":144,"column":86},"end":{"line":144,"column":94}},"63":{"start":{"line":147,"column":4},"end":{"line":152,"column":5}},"64":{"start":{"line":148,"column":22},"end":{"line":148,"column":69}},"65":{"start":{"line":149,"column":6},"end":{"line":151,"column":7}},"66":{"start":{"line":150,"column":8},"end":{"line":150,"column":86}},"67":{"start":{"line":154,"column":17},"end":{"line":169,"column":6}},"68":{"start":{"line":172,"column":15},"end":{"line":172,"column":32}},"69":{"start":{"line":173,"column":4},"end":{"line":180,"column":5}},"70":{"start":{"line":174,"column":6},"end":{"line":179,"column":9}},"71":{"start":{"line":182,"column":4},"end":{"line":182,"column":23}},"72":{"start":{"line":184,"column":4},"end":{"line":184,"column":14}},"73":{"start":{"line":189,"column":2},"end":{"line":244,"column":3}},"74":{"start":{"line":190,"column":21},"end":{"line":193,"column":6}},"75":{"start":{"line":194,"column":4},"end":{"line":194,"column":77}},"76":{"start":{"line":194,"column":19},"end":{"line":194,"column":77}},"77":{"start":{"line":197,"column":4},"end":{"line":199,"column":5}},"78":{"start":{"line":198,"column":6},"end":{"line":198,"column":82}},"79":{"start":{"line":201,"column":24},"end":{"line":201,"column":45}},"80":{"start":{"line":202,"column":31},"end":{"line":202,"column":45}},"81":{"start":{"line":203,"column":23},"end":{"line":206,"column":5}},"82":{"start":{"line":207,"column":4},"end":{"line":211,"column":5}},"83":{"start":{"line":208,"column":6},"end":{"line":210,"column":55}},"84":{"start":{"line":213,"column":17},"end":{"line":220,"column":6}},"85":{"start":{"line":223,"column":15},"end":{"line":223,"column":32}},"86":{"start":{"line":224,"column":4},"end":{"line":239,"column":5}},"87":{"start":{"line":225,"column":24},"end":{"line":225,"column":33}},"88":{"start":{"line":226,"column":6},"end":{"line":226,"column":84}},"89":{"start":{"line":226,"column":48},"end":{"line":226,"column":84}},"90":{"start":{"line":227,"column":6},"end":{"line":229,"column":7}},"91":{"start":{"line":228,"column":8},"end":{"line":228,"column":56}},"92":{"start":{"line":231,"column":6},"end":{"line":238,"column":7}},"93":{"start":{"line":232,"column":8},"end":{"line":237,"column":11}},"94":{"start":{"line":241,"column":4},"end":{"line":241,"column":23}},"95":{"start":{"line":243,"column":4},"end":{"line":243,"column":14}},"96":{"start":{"line":248,"column":2},"end":{"line":261,"column":3}},"97":{"start":{"line":249,"column":21},"end":{"line":249,"column":83}},"98":{"start":{"line":250,"column":4},"end":{"line":250,"column":77}},"99":{"start":{"line":250,"column":19},"end":{"line":250,"column":77}},"100":{"start":{"line":253,"column":4},"end":{"line":255,"column":5}},"101":{"start":{"line":254,"column":6},"end":{"line":254,"column":83}},"102":{"start":{"line":257,"column":4},"end":{"line":257,"column":63}},"103":{"start":{"line":258,"column":4},"end":{"line":258,"column":43}},"104":{"start":{"line":260,"column":4},"end":{"line":260,"column":14}},"105":{"start":{"line":264,"column":0},"end":{"line":264,"column":91}}},"fnMap":{"0":{"name":"getTeamUserIds","decl":{"start":{"line":4,"column":15},"end":{"line":4,"column":29}},"loc":{"start":{"line":4,"column":44},"end":{"line":14,"column":1}},"line":4},"1":{"name":"(anonymous_1)","decl":{"start":{"line":11,"column":40},"end":{"line":11,"column":41}},"loc":{"start":{"line":11,"column":47},"end":{"line":11,"column":51}},"line":11},"2":{"name":"getTasks","decl":{"start":{"line":16,"column":15},"end":{"line":16,"column":23}},"loc":{"start":{"line":16,"column":40},"end":{"line":60,"column":1}},"line":16},"3":{"name":"getTask","decl":{"start":{"line":62,"column":15},"end":{"line":62,"column":22}},"loc":{"start":{"line":62,"column":39},"end":{"line":84,"column":1}},"line":62},"4":{"name":"createTask","decl":{"start":{"line":86,"column":15},"end":{"line":86,"column":25}},"loc":{"start":{"line":86,"column":42},"end":{"line":131,"column":1}},"line":86},"5":{"name":"updateTask","decl":{"start":{"line":133,"column":15},"end":{"line":133,"column":25}},"loc":{"start":{"line":133,"column":42},"end":{"line":186,"column":1}},"line":133},"6":{"name":"toggleComplete","decl":{"start":{"line":188,"column":15},"end":{"line":188,"column":29}},"loc":{"start":{"line":188,"column":46},"end":{"line":245,"column":1}},"line":188},"7":{"name":"deleteTask","decl":{"start":{"line":247,"column":15},"end":{"line":247,"column":25}},"loc":{"start":{"line":247,"column":42},"end":{"line":262,"column":1}},"line":247}},"branchMap":{"0":{"loc":{"start":{"line":5,"column":2},"end":{"line":5,"column":36}},"type":"if","locations":[{"start":{"line":5,"column":2},"end":{"line":5,"column":36}},{"start":{},"end":{}}],"line":5},"1":{"loc":{"start":{"line":6,"column":2},"end":{"line":12,"column":3}},"type":"if","locations":[{"start":{"line":6,"column":2},"end":{"line":12,"column":3}},{"start":{},"end":{}}],"line":6},"2":{"loc":{"start":{"line":23,"column":4},"end":{"line":25,"column":5}},"type":"if","locations":[{"start":{"line":23,"column":4},"end":{"line":25,"column":5}},{"start":{},"end":{}}],"line":23},"3":{"loc":{"start":{"line":28,"column":4},"end":{"line":30,"column":5}},"type":"if","locations":[{"start":{"line":28,"column":4},"end":{"line":30,"column":5}},{"start":{},"end":{}}],"line":28},"4":{"loc":{"start":{"line":28,"column":8},"end":{"line":28,"column":60}},"type":"binary-expr","locations":[{"start":{"line":28,"column":8},"end":{"line":28,"column":33}},{"start":{"line":28,"column":37},"end":{"line":28,"column":60}}],"line":28},"5":{"loc":{"start":{"line":33,"column":4},"end":{"line":38,"column":5}},"type":"if","locations":[{"start":{"line":33,"column":4},"end":{"line":38,"column":5}},{"start":{},"end":{}}],"line":33},"6":{"loc":{"start":{"line":34,"column":6},"end":{"line":36,"column":7}},"type":"if","locations":[{"start":{"line":34,"column":6},"end":{"line":36,"column":7}},{"start":{},"end":{}}],"line":34},"7":{"loc":{"start":{"line":34,"column":10},"end":{"line":34,"column":58}},"type":"binary-expr","locations":[{"start":{"line":34,"column":10},"end":{"line":34,"column":20}},{"start":{"line":34,"column":24},"end":{"line":34,"column":58}}],"line":34},"8":{"loc":{"start":{"line":39,"column":4},"end":{"line":39,"column":44}},"type":"if","locations":[{"start":{"line":39,"column":4},"end":{"line":39,"column":44}},{"start":{},"end":{}}],"line":39},"9":{"loc":{"start":{"line":40,"column":4},"end":{"line":40,"column":78}},"type":"if","locations":[{"start":{"line":40,"column":4},"end":{"line":40,"column":78}},{"start":{},"end":{}}],"line":40},"10":{"loc":{"start":{"line":41,"column":4},"end":{"line":45,"column":5}},"type":"if","locations":[{"start":{"line":41,"column":4},"end":{"line":45,"column":5}},{"start":{},"end":{}}],"line":41},"11":{"loc":{"start":{"line":41,"column":8},"end":{"line":41,"column":28}},"type":"binary-expr","locations":[{"start":{"line":41,"column":8},"end":{"line":41,"column":17}},{"start":{"line":41,"column":21},"end":{"line":41,"column":28}}],"line":41},"12":{"loc":{"start":{"line":43,"column":6},"end":{"line":43,"column":61}},"type":"if","locations":[{"start":{"line":43,"column":6},"end":{"line":43,"column":61}},{"start":{},"end":{}}],"line":43},"13":{"loc":{"start":{"line":44,"column":6},"end":{"line":44,"column":57}},"type":"if","locations":[{"start":{"line":44,"column":6},"end":{"line":44,"column":57}},{"start":{},"end":{}}],"line":44},"14":{"loc":{"start":{"line":72,"column":4},"end":{"line":72,"column":73}},"type":"if","locations":[{"start":{"line":72,"column":4},"end":{"line":72,"column":73}},{"start":{},"end":{}}],"line":72},"15":{"loc":{"start":{"line":76,"column":4},"end":{"line":78,"column":5}},"type":"if","locations":[{"start":{"line":76,"column":4},"end":{"line":78,"column":5}},{"start":{},"end":{}}],"line":76},"16":{"loc":{"start":{"line":76,"column":8},"end":{"line":76,"column":61}},"type":"binary-expr","locations":[{"start":{"line":76,"column":8},"end":{"line":76,"column":18}},{"start":{"line":76,"column":22},"end":{"line":76,"column":61}}],"line":76},"17":{"loc":{"start":{"line":91,"column":4},"end":{"line":96,"column":5}},"type":"if","locations":[{"start":{"line":91,"column":4},"end":{"line":96,"column":5}},{"start":{},"end":{}}],"line":91},"18":{"loc":{"start":{"line":93,"column":6},"end":{"line":95,"column":7}},"type":"if","locations":[{"start":{"line":93,"column":6},"end":{"line":95,"column":7}},{"start":{},"end":{}}],"line":93},"19":{"loc":{"start":{"line":103,"column":19},"end":{"line":103,"column":57}},"type":"cond-expr","locations":[{"start":{"line":103,"column":31},"end":{"line":103,"column":50}},{"start":{"line":103,"column":53},"end":{"line":103,"column":57}}],"line":103},"20":{"loc":{"start":{"line":104,"column":17},"end":{"line":104,"column":51}},"type":"cond-expr","locations":[{"start":{"line":104,"column":27},"end":{"line":104,"column":44}},{"start":{"line":104,"column":47},"end":{"line":104,"column":51}}],"line":104},"21":{"loc":{"start":{"line":108,"column":24},"end":{"line":108,"column":55}},"type":"binary-expr","locations":[{"start":{"line":108,"column":24},"end":{"line":108,"column":47}},{"start":{"line":108,"column":51},"end":{"line":108,"column":55}}],"line":108},"22":{"loc":{"start":{"line":118,"column":4},"end":{"line":125,"column":5}},"type":"if","locations":[{"start":{"line":118,"column":4},"end":{"line":125,"column":5}},{"start":{},"end":{}}],"line":118},"23":{"loc":{"start":{"line":136,"column":4},"end":{"line":136,"column":77}},"type":"if","locations":[{"start":{"line":136,"column":4},"end":{"line":136,"column":77}},{"start":{},"end":{}}],"line":136},"24":{"loc":{"start":{"line":140,"column":4},"end":{"line":142,"column":5}},"type":"if","locations":[{"start":{"line":140,"column":4},"end":{"line":142,"column":5}},{"start":{},"end":{}}],"line":140},"25":{"loc":{"start":{"line":140,"column":8},"end":{"line":140,"column":65}},"type":"binary-expr","locations":[{"start":{"line":140,"column":8},"end":{"line":140,"column":18}},{"start":{"line":140,"column":22},"end":{"line":140,"column":65}}],"line":140},"26":{"loc":{"start":{"line":147,"column":4},"end":{"line":152,"column":5}},"type":"if","locations":[{"start":{"line":147,"column":4},"end":{"line":152,"column":5}},{"start":{},"end":{}}],"line":147},"27":{"loc":{"start":{"line":147,"column":8},"end":{"line":147,"column":54}},"type":"binary-expr","locations":[{"start":{"line":147,"column":8},"end":{"line":147,"column":20}},{"start":{"line":147,"column":24},"end":{"line":147,"column":54}}],"line":147},"28":{"loc":{"start":{"line":149,"column":6},"end":{"line":151,"column":7}},"type":"if","locations":[{"start":{"line":149,"column":6},"end":{"line":151,"column":7}},{"start":{},"end":{}}],"line":149},"29":{"loc":{"start":{"line":160,"column":19},"end":{"line":160,"column":57}},"type":"cond-expr","locations":[{"start":{"line":160,"column":31},"end":{"line":160,"column":50}},{"start":{"line":160,"column":53},"end":{"line":160,"column":57}}],"line":160},"30":{"loc":{"start":{"line":161,"column":17},"end":{"line":161,"column":51}},"type":"cond-expr","locations":[{"start":{"line":161,"column":27},"end":{"line":161,"column":44}},{"start":{"line":161,"column":47},"end":{"line":161,"column":51}}],"line":161},"31":{"loc":{"start":{"line":173,"column":4},"end":{"line":180,"column":5}},"type":"if","locations":[{"start":{"line":173,"column":4},"end":{"line":180,"column":5}},{"start":{},"end":{}}],"line":173},"32":{"loc":{"start":{"line":173,"column":8},"end":{"line":173,"column":94}},"type":"binary-expr","locations":[{"start":{"line":173,"column":8},"end":{"line":173,"column":20}},{"start":{"line":173,"column":24},"end":{"line":173,"column":62}},{"start":{"line":173,"column":66},"end":{"line":173,"column":94}}],"line":173},"33":{"loc":{"start":{"line":194,"column":4},"end":{"line":194,"column":77}},"type":"if","locations":[{"start":{"line":194,"column":4},"end":{"line":194,"column":77}},{"start":{},"end":{}}],"line":194},"34":{"loc":{"start":{"line":197,"column":4},"end":{"line":199,"column":5}},"type":"if","locations":[{"start":{"line":197,"column":4},"end":{"line":199,"column":5}},{"start":{},"end":{}}],"line":197},"35":{"loc":{"start":{"line":197,"column":8},"end":{"line":197,"column":77}},"type":"binary-expr","locations":[{"start":{"line":197,"column":8},"end":{"line":197,"column":36}},{"start":{"line":197,"column":40},"end":{"line":197,"column":77}}],"line":197},"36":{"loc":{"start":{"line":202,"column":31},"end":{"line":202,"column":45}},"type":"binary-expr","locations":[{"start":{"line":202,"column":31},"end":{"line":202,"column":39}},{"start":{"line":202,"column":43},"end":{"line":202,"column":45}}],"line":202},"37":{"loc":{"start":{"line":205,"column":19},"end":{"line":205,"column":50}},"type":"cond-expr","locations":[{"start":{"line":205,"column":33},"end":{"line":205,"column":43}},{"start":{"line":205,"column":46},"end":{"line":205,"column":50}}],"line":205},"38":{"loc":{"start":{"line":207,"column":4},"end":{"line":211,"column":5}},"type":"if","locations":[{"start":{"line":207,"column":4},"end":{"line":211,"column":5}},{"start":{},"end":{}}],"line":207},"39":{"loc":{"start":{"line":207,"column":8},"end":{"line":207,"column":37}},"type":"binary-expr","locations":[{"start":{"line":207,"column":8},"end":{"line":207,"column":19}},{"start":{"line":207,"column":23},"end":{"line":207,"column":37}}],"line":207},"40":{"loc":{"start":{"line":208,"column":25},"end":{"line":210,"column":54}},"type":"cond-expr","locations":[{"start":{"line":209,"column":10},"end":{"line":209,"column":75}},{"start":{"line":210,"column":10},"end":{"line":210,"column":54}}],"line":208},"41":{"loc":{"start":{"line":224,"column":4},"end":{"line":239,"column":5}},"type":"if","locations":[{"start":{"line":224,"column":4},"end":{"line":239,"column":5}},{"start":{},"end":{}}],"line":224},"42":{"loc":{"start":{"line":226,"column":6},"end":{"line":226,"column":84}},"type":"if","locations":[{"start":{"line":226,"column":6},"end":{"line":226,"column":84}},{"start":{},"end":{}}],"line":226},"43":{"loc":{"start":{"line":227,"column":6},"end":{"line":229,"column":7}},"type":"if","locations":[{"start":{"line":227,"column":6},"end":{"line":229,"column":7}},{"start":{},"end":{}}],"line":227},"44":{"loc":{"start":{"line":227,"column":10},"end":{"line":227,"column":94}},"type":"binary-expr","locations":[{"start":{"line":227,"column":10},"end":{"line":227,"column":42}},{"start":{"line":227,"column":46},"end":{"line":227,"column":94}}],"line":227},"45":{"loc":{"start":{"line":250,"column":4},"end":{"line":250,"column":77}},"type":"if","locations":[{"start":{"line":250,"column":4},"end":{"line":250,"column":77}},{"start":{},"end":{}}],"line":250},"46":{"loc":{"start":{"line":253,"column":4},"end":{"line":255,"column":5}},"type":"if","locations":[{"start":{"line":253,"column":4},"end":{"line":255,"column":5}},{"start":{},"end":{}}],"line":253},"47":{"loc":{"start":{"line":253,"column":8},"end":{"line":253,"column":78}},"type":"binary-expr","locations":[{"start":{"line":253,"column":8},"end":{"line":253,"column":38}},{"start":{"line":253,"column":42},"end":{"line":253,"column":78}}],"line":253}},"s":{"0":8,"1":8,"2":5,"3":3,"4":2,"5":1,"6":1,"7":1,"8":1,"9":3,"10":3,"11":3,"12":3,"13":3,"14":2,"15":3,"16":2,"17":3,"18":0,"19":0,"20":0,"21":3,"22":0,"23":3,"24":0,"25":3,"26":0,"27":0,"28":0,"29":0,"30":0,"31":3,"32":3,"33":0,"34":2,"35":2,"36":2,"37":1,"38":1,"39":1,"40":0,"41":1,"42":0,"43":1,"44":1,"45":1,"46":0,"47":0,"48":0,"49":1,"50":1,"51":1,"52":1,"53":1,"54":0,"55":2,"56":2,"57":2,"58":1,"59":1,"60":1,"61":0,"62":1,"63":1,"64":0,"65":0,"66":0,"67":1,"68":1,"69":1,"70":1,"71":1,"72":0,"73":3,"74":3,"75":3,"76":1,"77":2,"78":1,"79":1,"80":1,"81":1,"82":1,"83":0,"84":1,"85":1,"86":1,"87":1,"88":1,"89":1,"90":1,"91":0,"92":1,"93":1,"94":1,"95":0,"96":4,"97":4,"98":4,"99":1,"100":3,"101":1,"102":2,"103":2,"104":0,"105":8},"f":{"0":5,"1":1,"2":3,"3":2,"4":1,"5":2,"6":3,"7":4},"b":{"0":[3,2],"1":[1,1],"2":[2,1],"3":[2,1],"4":[3,2],"5":[0,3],"6":[0,0],"7":[0,0],"8":[0,3],"9":[0,3],"10":[0,3],"11":[3,3],"12":[0,0],"13":[0,0],"14":[1,1],"15":[0,1],"16":[1,0],"17":[0,1],"18":[0,0],"19":[0,1],"20":[0,1],"21":[1,0],"22":[1,0],"23":[1,1],"24":[0,1],"25":[1,0],"26":[0,1],"27":[1,1],"28":[0,0],"29":[0,1],"30":[0,1],"31":[1,0],"32":[1,1,1],"33":[1,2],"34":[1,1],"35":[2,2],"36":[1,0],"37":[1,0],"38":[0,1],"39":[1,1],"40":[0,0],"41":[1,0],"42":[1,0],"43":[0,1],"44":[1,0],"45":[1,3],"46":[1,2],"47":[3,2]},"_coverageSchema":"1a1c01bbd47fc00a2c39e90264f33305004495a9","hash":"57cd650d36df9df4bbdb553236110659ed19c29b"}
,"/Users/deshaunholden/Documents/Projects/gym-task-manager/server/src/controllers/userController.js": {"path":"/Users/deshaunholden/Documents/Projects/gym-task-manager/server/src/controllers/userController.js","statementMap":{"0":{"start":{"line":1,"column":15},"end":{"line":1,"column":41}},"1":{"start":{"line":4,"column":2},"end":{"line":47,"column":3}},"2":{"start":{"line":5,"column":38},"end":{"line":5,"column":47}},"3":{"start":{"line":6,"column":18},"end":{"line":6,"column":20}},"4":{"start":{"line":8,"column":4},"end":{"line":8,"column":32}},"5":{"start":{"line":8,"column":14},"end":{"line":8,"column":32}},"6":{"start":{"line":10,"column":4},"end":{"line":12,"column":5}},"7":{"start":{"line":11,"column":6},"end":{"line":11,"column":28}},"8":{"start":{"line":15,"column":4},"end":{"line":17,"column":5}},"9":{"start":{"line":16,"column":6},"end":{"line":16,"column":53}},"10":{"start":{"line":19,"column":4},"end":{"line":27,"column":5}},"11":{"start":{"line":20,"column":27},"end":{"line":23,"column":8}},"12":{"start":{"line":24,"column":6},"end":{"line":24,"column":73}},"13":{"start":{"line":24,"column":64},"end":{"line":24,"column":68}},"14":{"start":{"line":25,"column":11},"end":{"line":27,"column":5}},"15":{"start":{"line":26,"column":6},"end":{"line":26,"column":29}},"16":{"start":{"line":29,"column":18},"end":{"line":42,"column":6}},"17":{"start":{"line":44,"column":4},"end":{"line":44,"column":24}},"18":{"start":{"line":46,"column":4},"end":{"line":46,"column":14}},"19":{"start":{"line":51,"column":2},"end":{"line":76,"column":3}},"20":{"start":{"line":52,"column":17},"end":{"line":64,"column":6}},"21":{"start":{"line":66,"column":4},"end":{"line":66,"column":73}},"22":{"start":{"line":66,"column":15},"end":{"line":66,"column":73}},"23":{"start":{"line":69,"column":4},"end":{"line":71,"column":5}},"24":{"start":{"line":70,"column":6},"end":{"line":70,"column":63}},"25":{"start":{"line":73,"column":4},"end":{"line":73,"column":23}},"26":{"start":{"line":75,"column":4},"end":{"line":75,"column":14}},"27":{"start":{"line":80,"column":2},"end":{"line":122,"column":3}},"28":{"start":{"line":81,"column":41},"end":{"line":81,"column":49}},"29":{"start":{"line":84,"column":4},"end":{"line":90,"column":5}},"30":{"start":{"line":85,"column":25},"end":{"line":85,"column":78}},"31":{"start":{"line":86,"column":26},"end":{"line":86,"column":88}},"32":{"start":{"line":87,"column":6},"end":{"line":89,"column":7}},"33":{"start":{"line":88,"column":8},"end":{"line":88,"column":80}},"34":{"start":{"line":93,"column":4},"end":{"line":98,"column":5}},"35":{"start":{"line":94,"column":18},"end":{"line":94,"column":79}},"36":{"st
[...]
,"/Users/deshaunholden/Documents/Projects/gym-task-manager/server/src/routes/eodRoutes.js": {"path":"/Users/deshaunholden/Documents/Projects/gym-task-manager/server/src/routes/eodRoutes.js","statementMap":{"0":{"start":{"line":1,"column":19},"end":{"line":1,"column":37}},"1":{"start":{"line":2,"column":17},"end":{"line":2,"column":45}},"2":{"start":{"line":3,"column":17},"end":{"line":3,"column":50}},"3":{"start":{"line":4,"column":36},"end":{"line":4,"column":65}},"4":{"start":{"line":8,"column":4},"end":{"line":8,"column":43}},"5":{"start":{"line":10,"column":15},"end":{"line":10,"column":23}},"6":{"start":{"line":12,"column":0},"end":{"line":12,"column":25}},"7":{"start":{"line":15,"column":0},"end":{"line":15,"column":39}},"8":{"start":{"line":16,"column":0},"end":{"line":16,"column":42}},"9":{"start":{"line":17,"column":0},"end":{"line":29,"column":2}},"10":{"start":{"line":30,"column":0},"end":{"line":36,"column":2}},"11":{"start":{"line":39,"column":0},"end":{"line":52,"column":2}},"12":{"start":{"line":53,"column":0},"end":{"line":53,"column":43}},"13":{"start":{"line":54,"column":0},"end":{"line":54,"column":46}},"14":{"start":{"line":55,"column":0},"end":{"line":55,"column":73}},"15":{"start":{"line":57,"column":0},"end":{"line":57,"column":24}}},"fnMap":{},"branchMap":{},"s":{"0":8,"1":8,"2":8,"3":8,"4":8,"5":8,"6":8,"7":8,"8":8,"9":8,"10":8,"11":8,"12":8,"13":8,"14":8,"15":8},"f":{},"b":{},"_coverageSchema":"1a1c01bbd47fc00a2c39e90264f33305004495a9","hash":"f35cc61d6276cb3ea3c904dbcc3fa4dbb2f95e33"}
,"/Users/deshaunholden/Documents/Projects/gym-task-manager/server/src/routes/notificationRoutes.js": {"path":"/Users/deshaunholden/Documents/Projects/gym-task-manager/server/src/routes/notificationRoutes.js","statementMap":{"0":{"start":{"line":1,"column":19},"end":{"line":1,"column":37}},"1":{"start":{"line":2,"column":36},"end":{"line":2,"column":65}},"2":{"start":{"line":3,"column":125},"end":{"line":3,"column":173}},"3":{"start":{"line":5,"column":15},"end":{"line":5,"column":23}},"4":{"start":{"line":7,"column":0},"end":{"line":7,"column":25}},"5":{"start":{"line":9,"column":0},"end":{"line":9,"column":34}},"6":{"start":{"line":10,"column":0},"end":{"line":10,"column":46}},"7":{"start":{"line":11,"column":0},"end":{"line":11,"column":67}},"8":{"start":{"line":12,"column":0},"end":{"line":12,"column":39}},"9":{"start":{"line":13,"column":0},"end":{"line":13,"column":36}},"10":{"start":{"line":14,"column":0},"end":{"line":14,"column":58}},"11":{"start":{"line":16,"column":0},"end":{"line":16,"column":24}}},"fnMap":{},"branchMap":{},"s":{"0":8,"1":8,"2":8,"3":8,"4":8,"5":8,"6":8,"7":8,"8":8,"9":8,"10":8,"11":8},"f":{},"b":{},"_coverageSchema":"1a1c01bbd47fc00a2c39e90264f33305004495a9","hash":"a5128d3132b3c0bef5f66ed62cc77a77d0407975"}
,"/Users/deshaunholden/Documents/Projects/gym-task-manager/server/src/routes/organizationRoutes.js": {"path":"/Users/deshaunholden/Documents/Projects/gym-task-manager/server/src/routes/organizationRoutes.js","statementMap":{"0":{"start":{"line":1,"column":19},"end":{"line":1,"column":37}},"1":{"start":{"line":2,"column":17},"end":{"line":2,"column":45}},"2":{"start":{"line":3,"column":17},"end":{"line":3,"column":50}},"3":{"start":{"line":4,"column":36},"end":{"line":4,"column":65}},"4":{"start":{"line":5,"column":15},"end":{"line":5,"column":41}},"5":{"start":{"line":7,"column":15},"end":{"line":7,"column":23}},"6":{"start":{"line":9,"column":0},"end":{"line":9,"column":45}},"7":{"start":{"line":12,"column":0},"end":{"line":29,"column":3}},"8":{"start":{"line":13,"column":2},"end":{"line":28,"column":3}},"9":{"start":{"line":14,"column":26},"end":{"line":24,"column":6}},"10":{"start":{"line":25,"column":4},"end":{"line":25,"column":32}},"11":{"start":{"line":27,"column":4},"end":{"line":27,"column":14}},"12":{"start":{"line":32,"column":0},"end":{"line":53,"column":2}},"13":{"start":{"line":37,"column":4},"end":{"line":51,"column":5}},"14":{"start":{"line":38,"column":18},"end":{"line":47,"column":8}},"15":{"start":{"line":48,"column":6},"end":{"line":48,"column":50}},"16":{"start":{"line":50,"column":6},"end":{"line":50,"column":16}},"17":{"start":{"line":56,"column":0},"end":{"line":78,"column":2}},"18":{"start":{"line":61,"column":4},"end":{"line":76,"column":5}},"19":{"start":{"line":62,"column":18},"end":{"line":72,"column":8}},"20":{"start":{"line":73,"column":6},"end":{"line":73,"column":38}},"21":{"start":{"line":75,"column":6},"end":{"line":75,"column":16}},"22":{"start":{"line":81,"column":0},"end":{"line":93,"column":3}},"23":{"start":{"line":82,"column":2},"end":{"line":92,"column":3}},"24":{"start":{"line":83,"column":23},"end":{"line":83,"column":31}},"25":{"start":{"line":84,"column":17},"end":{"line":88,"column":6}},"26":{"start":{"line":89,"column":4},"end":{"line":89,"column":23}},"27":{"start":{"line":91,"column":4},"end":{"line":91,"column":14}},"28":{"start":{"line":95,"column":0},"end":{"line":95,"column":24}}},"fnMap":{"0":{"name":"(anonymous_0)","decl":{"start":{"line":12,"column":16},"end":{"line":12,"column":17}},"loc":{"start":{"line":12,"column":42},"end":{"line":29,"column":1}},"line":12},"1":{"name":"(anonymous_1)","decl":{"start":{"line":36,"column":2},"end":{"line":36,"column":3}},"loc":{"start":{"line":36,"column":28},"end":{"line":52,"column":3}},"line":36},"2":{"name":"(anonymous_2)","decl":{"start":{"line":60,"column":2},"end":{"line":60,"column":3}},"loc":{"start":{"line":60,"column":28},"end":{"line":77,"column":3}},"line":60},"3":{"name":"(anonymous_3)","decl":{"start":{"line":81,"column":29},"end":{"line":81,"column":30}},"loc":{"start":{"line":81,"column":55},"end":{"line":93,"column":1}},"line":81}},"branchMap":{},"s":{"0":8,"1":8,"2":8,"3":8,"4":8,"5":8,"6":8,"7":8,"8":1,"9":1,"10":1,"11":0,"12":8,"13":1,"14":1,"15":1,"16":0,"17":8,"18":2,"19":2,"20":1,"21":1,"22":8,"23":2,"24":2,"25":2,"26":1,"27":1,"28":8},"f":{"0":1,"1":1,"2":2,"3":2},"b":{},"_coverageSchema":"1a1c01bbd47fc00a2c39e90264f33305004495a9","hash":"b3591b9546b2bca5c8f72c53e8e1a47820cbe2f2"}
,"/Users/deshaunholden/Documents/Projects/gym-task-manager/server/src/routes/resourceRoutes.js": {"path":"/Users/deshaunholden/Documents/Projects/gym-task-manager/server/src/routes/resourceRoutes.js","statementMap":{"0":{"start":{"line":1,"column":19},"end":{"line":1,"column":37}},"1":{"start":{"line":2,"column":17},"end":{"line":2,"column":45}},"2":{"start":{"line":3,"column":17},"end":{"line":3,"column":50}},"3":{"start":{"line":4,"column":36},"end":{"line":4,"column":65}},"4":{"start":{"line":5,"column":73},"end":{"line":5,"column":117}},"5":{"start":{"line":7,"column":15},"end":{"line":7,"column":23}},"6":{"start":{"line":9,"column":0},"end":{"line":9,"column":25}},"7":{"start":{"line":11,"column":0},"end":{"line":11,"column":30}},"8":{"start":{"line":13,"column":0},"end":{"line":24,"column":2}},"9":{"start":{"line":26,"column":0},"end":{"line":37,"column":2}},"10":{"start":{"line":39,"column":0},"end":{"line":39,"column":72}},"11":{"start":{"line":41,"column":0},"end":{"line":41,"column":24}}},"fnMap":{},"branchMap":{},"s":{"0":8,"1":8,"2":8,"3":8,"4":8,"5":8,"6":8,"7":8,"8":8,"9":8,"10":8,"11":8},"f":{},"b":{},"_coverageSchema":"1a1c01bbd47fc00a2c39e90264f33305004495a9","hash":"fd0ea5d623127cb0583e39660d880f3319e3125b"}
,"/Users/deshaunholden/Documents/Projects/gym-task-manager/server/src/routes/taskCategoryRoutes.js": {"path":"/Users/deshaunholden/Documents/Projects/gym-task-manager/server/src/routes/taskCategoryRoutes.js","statementMap":{"0":{"start":{"line":1,"column":19},"end":{"line":1,"column":37}},"1":{"start":{"line":2,"column":17},"end":{"line":2,"column":45}},"2":{"start":{"line":3,"column":17},"end":{"line":3,"column":50}},"3":{"start":{"line":4,"column":36},"end":{"line":4,"column":65}},"4":{"start":{"line":5,"column":58},"end":{"line":5,"column":106}},"5":{"start":{"line":7,"column":15},"end":{"line":7,"column":23}},"6":{"start":{"line":9,"column":0},"end":{"line":9,"column":25}},"7":{"start":{"line":11,"column":0},"end":{"line":11,"column":31}},"8":{"start":{"line":12,"column":0},"end":{"line":18,"column":2}},"9":{"start":{"line":19,"column":0},"end":{"line":19,"column":72}},"10":{"start":{"line":21,"column":0},"end":{"line":21,"column":24}}},"fnMap":{},"branchMap":{},"s":{"0":8,"1":8,"2":8,"3":8,"4":8,"5":8,"6":8,"7":8,"8":8,"9":8,"10":8},"f":{},"b":{},"_coverageSchema":"1a1c01bbd47fc00a2c39e90264f33305004495a9","hash":"37794b5265f5dda28dee17f0c9a9f3094efe402f"}
,"/Users/deshaunholden/Documents/Projects/gym-task-manager/server/src/routes/taskRoutes.js": {"path":"/Users/deshaunholden/Documents/Projects/gym-task-manager/server/src/routes/taskRoutes.js","statementMap":{"0":{"start":{"line":1,"column":19},"end":{"line":1,"column":37}},"1":{"start":{"line":2,"column":17},"end":{"line":2,"column":45}},"2":{"start":{"line":3,"column":17},"end":{"line":3,"column":50}},"3":{"start":{"line":4,"column":36},"end":{"line":4,"column":65}},"4":{"start":{"line":7,"column":4},"end":{"line":7,"column":44}},"5":{"start":{"line":9,"column":15},"end":{"line":9,"column":23}},"6":{"start":{"line":11,"column":0},"end":{"line":11,"column":25}},"7":{"start":{"line":13,"column":23},"end":{"line":19,"column":1}},"8":{"start":{"line":21,"column":0},"end":{"line":21,"column":26}},"9":{"start":{"line":22,"column":0},"end":{"line":22,"column":89}},"10":{"start":{"line":23,"column":0},"end":{"line":23,"column":28}},"11":{"start":{"line":24,"column":0},"end":{"line":24,"column":91}},"12":{"start":{"line":25,"column":0},"end":{"line":25,"column":46}},"13":{"start":{"line":26,"column":0},"end":{"line":26,"column":68}},"14":{"start":{"line":28,"column":0},"end":{"line":28,"column":24}}},"fnMap":{},"branchMap":{},"s":{"0":8,"1":8,"2":8,"3":8,"4":8,"5":8,"6":8,"7":8,"8":8,"9":8,"10":8,"11":8,"12":8,"13":8,"14":8},"f":{},"b":{},"_coverageSchema":"1a1c01bbd47fc00a2c39e90264f33305004495a9","hash":"0501926cb877d6d062e978845920f3d6981297bf"}
,"/Users/deshaunholden/Documents/Projects/gym-task-manager/server/src/routes/userRoutes.js": {"path":"/Users/deshaunholden/Documents/Projects/gym-task-manager/server/src/routes/userRoutes.js","statementMap":{"0":{"start":{"line":1,"column":19},"end":{"line":1,"column":37}},"1":{"start":{"line":2,"column":36},"end":{"line":2,"column":65}},"2":{"start":{"line":3,"column":67},"end":{"line":3,"column":107}},"3":{"start":{"line":5,"column":15},"end":{"line":5,"column":23}},"4":{"start":{"line":7,"column":0},"end":{"line":7,"column":25}},"5":{"start":{"line":9,"column":0},"end":{"line":9,"column":26}},"6":{"start":{"line":10,"column":0},"end":{"line":10,"column":28}},"7":{"start":{"line":11,"column":0},"end":{"line":11,"column":53}},"8":{"start":{"line":12,"column":0},"end":{"line":12,"column":62}},"9":{"start":{"line":13,"column":0},"end":{"line":13,"column":54}},"10":{"start":{"line":15,"column":0},"end":{"line":15,"column":24}}},"fnMap":{},"branchMap":{},"s":{"0":8,"1":8,"2":8,"3":8,"4":8,"5":8,"6":8,"7":8,"8":8,"9":8,"10":8},"f":{},"b":{},"_coverageSchema":"1a1c01bbd47fc00a2c39e90264f33305004495a9","hash":"ad257be6d8def1129138fdd296679bd606e603ea"}
,"/Users/deshaunholden/Documents/Projects/gym-task-manager/server/src/socket/socketHandler.js": {"path":"/Users/deshaunholden/Documents/Projects/gym-task-manager/server/src/socket/socketHandler.js","statementMap":{"0":{"start":{"line":1,"column":0},"end":{"line":18,"column":2}},"1":{"start":{"line":2,"column":2},"end":{"line":17,"column":5}},"2":{"start":{"line":3,"column":4},"end":{"line":3,"column":50}},"3":{"start":{"line":5,"column":4},"end":{"line":8,"column":7}},"4":{"start":{"line":6,"column":6},"end":{"line":6,"column":26}},"5":{"start":{"line":6,"column":19},"end":{"line":6,"column":26}},"6":{"start":{"line":7,"column":6},"end":{"line":7,"column":36}},"7":{"start":{"line":10,"column":4},"end":{"line":12,"column":7}},"8":{"start":{"line":11,"column":6},"end":{"line":11,"column":37}},"9":{"start":{"line":14,"column":4},"end":{"line":16,"column":7}},"10":{"start":{"line":15,"column":6},"end":{"line":15,"column":55}}},"fnMap":{"0":{"name":"socketHandler","decl":{"start":{"line":1,"column":26},"end":{"line":1,"column":39}},"loc":{"start":{"line":1,"column":44},"end":{"line":18,"column":1}},"line":1},"1":{"name":"(anonymous_1)","decl":{"start":{"line":2,"column":22},"end":{"line":2,"column":23}},"loc":{"start":{"line":2,"column":34},"end":{"line":17,"column":3}},"line":2},"2":{"name":"(anonymous_2)","decl":{"start":{"line":5,"column":27},"end":{"line":5,"column":28}},"loc":{"start":{"line":5,"column":43},"end":{"line":8,"column":5}},"line":5},"3":{"name":"(anonymous_3)","decl":{"start":{"line":10,"column":33},"end":{"line":10,"column":34}},"loc":{"start":{"line":10,"column":39},"end":{"line":12,"column":5}},"line":10},"4":{"name":"(anonymous_4)","decl":{"start":{"line":14,"column":28},"end":{"line":14,"column":29}},"loc":{"start":{"line":14,"column":34},"end":{"line":16,"column":5}},"line":14}},"branchMap":{"0":{"loc":{"start":{"line":6,"column":6},"end":{"line":6,"column":26}},"type":"if","locations":[{"start":{"line":6,"column":6},"end":{"line":6,"column":26}},{"start":{},"end":{}}],"line":6}},"s":{"0":1,"1":6,"2":5,"3":5,"4":2,"5":1,"6":1,"7":5,"8":1,"9":5,"10":1},"f":{"0":6,"1":5,"2":2,"3":1,"4":1},"b":{"0":[1,1]},"_coverageSchema":"1a1c01bbd47fc00a2c39e90264f33305004495a9","hash":"a7a5db5e065553843aafaaa332d492350ebc2c40"}
,"/Users/deshaunholden/Documents/Projects/gym-task-manager/server/src/utils/generateToken.js": {"path":"/Users/deshaunholden/Documents/Projects/gym-task-manager/server/src/utils/generateToken.js","statementMap":{"0":{"start":{"line":1,"column":12},"end":{"line":1,"column":35}},"1":{"start":{"line":4,"column":2},"end":{"line":8,"column":4}},"2":{"start":{"line":11,"column":0},"end":{"line":11,"column":31}}},"fnMap":{"0":{"name":"generateToken","decl":{"start":{"line":3,"column":9},"end":{"line":3,"column":22}},"loc":{"start":{"line":3,"column":29},"end":{"line":9,"column":1}},"line":3}},"branchMap":{"0":{"loc":{"start":{"line":7,"column":17},"end":{"line":7,"column":51}},"type":"binary-expr","locations":[{"start":{"line":7,"column":17},"end":{"line":7,"column":43}},{"start":{"line":7,"column":47},"end":{"line":7,"column":51}}],"line":7}},"s":{"0":8,"1":3,"2":8},"f":{"0":3},"b":{"0":[3,3]},"_coverageSchema":"1a1c01bbd47fc00a2c39e90264f33305004495a9","hash":"798f33bb63033526d751cf3770373116d55849ce"}
,"/Users/deshaunholden/Documents/Projects/gym-task-manager/server/src/utils/notify.js": {"path":"/Users/deshaunholden/Documents/Projects/gym-task-manager/server/src/utils/notify.js","statementMap":{"0":{"start":{"line":1,"column":15},"end":{"line":1,"column":34}},"1":{"start":{"line":4,"column":23},"end":{"line":6,"column":4}},"2":{"start":{"line":8,"column":2},"end":{"line":10,"column":3}},"3":{"start":{"line":9,"column":4},"end":{"line":9,"column":67}},"4":{"start":{"line":12,"column":2},"end":{"line":12,"column":22}},"5":{"start":{"line":15,"column":0},"end":{"line":15,"column":40}}},"fnMap":{"0":{"name":"createNotification","decl":{"start":{"line":3,"column":15},"end":{"line":3,"column":33}},"loc":{"start":{"line":3,"column":76},"end":{"line":13,"column":1}},"line":3}},"branchMap":{"0":{"loc":{"start":{"line":8,"column":2},"end":{"line":10,"column":3}},"type":"if","locations":[{"start":{"line":8,"column":2},"end":{"line":10,"column":3}},{"start":{},"end":{}}],"line":8}},"s":{"0":9,"1":6,"2":6,"3":0,"4":6,"5":9},"f":{"0":6},"b":{"0":[0,6]},"_coverageSchema":"1a1c01bbd47fc00a2c39e90264f33305004495a9","hash":"ac735653e579626aa30fb313b15a84d082be6faf"}
,"/Users/deshaunholden/Documents/Projects/gym-task-manager/server/src/utils/prisma.js": {"path":"/Users/deshaunholden/Documents/Projects/gym-task-manager/server/src/utils/prisma.js","statementMap":{"0":{"start":{"line":1,"column":25},"end":{"line":1,"column":50}},"1":{"start":{"line":2,"column":15},"end":{"line":2,"column":33}},"2":{"start":{"line":3,"column":0},"end":{"line":3,"column":24}}},"fnMap":{},"branchMap":{},"s":{"0":0,"1":0,"2":0},"f":{},"b":{}}
,"/Users/deshaunholden/Documents/Projects/gym-task-manager/server/src/utils/sendEmail.js": {"path":"/Users/deshaunholden/Documents/Projects/gym-task-manager/server/src/utils/sendEmail.js","statementMap":{"0":{"start":{"line":1,"column":19},"end":{"line":1,"column":40}},"1":{"start":{"line":3,"column":20},"end":{"line":11,"column":2}},"2":{"start":{"line":14,"column":2},"end":{"line":18,"column":3}},"3":{"start":{"line":15,"column":4},"end":{"line":15,"column":71}},"4":{"start":{"line":16,"column":4},"end":{"line":16,"column":45}},"5":{"start":{"line":17,"column":4},"end":{"line":17,"column":16}},"6":{"start":{"line":20,"column":2},"end":{"line":25,"column":5}},"7":{"start":{"line":28,"column":0},"end":{"line":28,"column":27}}},"fnMap":{"0":{"name":"sendEmail","decl":{"start":{"line":13,"column":15},"end":{"line":13,"column":24}},"loc":{"start":{"line":13,"column":48},"end":{"line":26,"column":1}},"line":13}},"branchMap":{"0":{"loc":{"start":{"line":5,"column":8},"end":{"line":5,"column":44}},"type":"binary-expr","locations":[{"start":{"line":5,"column":8},"end":{"line":5,"column":37}},{"start":{"line":5,"column":41},"end":{"line":5,"column":44}}],"line":5},"1":{"loc":{"start":{"line":14,"column":2},"end":{"line":18,"column":3}},"type":"if","locations":[{"start":{"line":14,"column":2},"end":{"line":18,"column":3}},{"start":{},"end":{}}],"line":14},"2":{"loc":{"start":{"line":14,"column":6},"end":{"line":14,"column":54}},"type":"binary-expr","locations":[{"start":{"line":14,"column":6},"end":{"line":14,"column":28}},{"start":{"line":14,"column":32},"end":{"line":14,"column":54}}],"line":14},"3":{"loc":{"start":{"line":21,"column":10},"end":{"line":21,"column":71}},"type":"binary-expr","locations":[{"start":{"line":21,"column":10},"end":{"line":21,"column":31}},{"start":{"line":21,"column":35},"end":{"line":21,"column":71}}],"line":21}},"s":{"0":4,"1":4,"2":3,"3":1,"4":1,"5":1,"6":2,"7":4},"f":{"0":3},"b":{"0":[4,4],"1":[1,2],"2":[3,2],"3":[2,1]},"_coverageSchema":"1a1c01bbd47fc00a2c39e90264f33305004495a9","hash":"6b54db7ae9cf7888bead5cb53d0a8ecca55d8156"}
}
