TN:
SF:src/app.js
FN:21,(anonymous_0)
FN:24,(anonymous_1)
FN:65,(anonymous_2)
FNF:3
FNH:1
FNDA:1,(anonymous_0)
FNDA:0,(anonymous_1)
FNDA:0,(anonymous_2)
DA:1,7
DA:2,7
DA:3,7
DA:4,7
DA:5,7
DA:6,7
DA:7,7
DA:8,7
DA:9,7
DA:10,7
DA:11,7
DA:13,7
DA:15,7
DA:19,7
DA:21,7
DA:24,7
DA:25,0
DA:26,0
DA:27,0
DA:29,0
DA:30,0
DA:31,0
DA:32,0
DA:33,0
DA:34,0
DA:36,0
DA:37,0
DA:38,0
DA:39,0
DA:40,0
DA:41,0
DA:42,0
DA:43,0
DA:44,0
DA:45,0
DA:46,0
DA:47,0
DA:48,0
DA:51,7
DA:52,7
DA:53,7
DA:54,7
DA:55,7
DA:56,7
DA:57,7
DA:58,7
DA:61,7
DA:62,0
DA:63,0
DA:64,0
DA:65,0
DA:66,0
DA:70,7
DA:72,7
LF:54
LH:27
BRDA:16,0,0,7
BRDA:16,0,1,7
BRDA:26,1,0,0
BRDA:26,1,1,0
BRDA:61,2,0,0
BRDA:61,2,1,7
BRF:6
BRH:3
end_of_record
TN:
SF:src/controllers/authController.js
FN:5,register
FN:57,login
FN:92,getMe
FNF:3
FNH:2
FNDA:4,register
FNDA:3,login
FNDA:0,getMe
DA:1,7
DA:2,7
DA:3,7
DA:6,4
DA:7,4
DA:9,4
DA:10,4
DA:11,1
DA:14,3
DA:15,3
DA:17,3
DA:18,3
DA:20,3
DA:22,1
DA:23,1
DA:24,0
DA:26,1
DA:27,1
DA:28,2
DA:30,2
DA:31,2
DA:32,1
DA:34,1
DA:36,1
DA:41,1
DA:44,2
DA:45,2
DA:50,2
DA:51,2
DA:53,0
DA:58,3
DA:59,3
DA:61,3
DA:62,3
DA:63,1
DA:66,2
DA:67,1
DA:70,1
DA:71,1
DA:72,0
DA:75,1
DA:76,1
DA:88,0
DA:93,0
DA:94,0
DA:108,0
DA:109,0
DA:112,0
DA:114,0
DA:118,7
LF:50
LH:40
BRDA:10,0,0,1
BRDA:10,0,1,3
BRDA:15,1,0,3
BRDA:15,1,1,0
BRDA:20,2,0,1
BRDA:20,2,1,2
BRDA:23,3,0,0
BRDA:23,3,1,1
BRDA:28,4,0,2
BRDA:28,4,1,0
BRDA:28,5,0,2
BRDA:28,5,1,2
BRDA:31,6,0,1
BRDA:31,6,1,1
BRDA:41,7,0,1
BRDA:41,7,1,0
BRDA:62,8,0,1
BRDA:62,8,1,2
BRDA:66,9,0,1
BRDA:66,9,1,1
BRDA:71,10,0,0
BRDA:71,10,1,1
BRDA:108,11,0,0
BRDA:108,11,1,0
BRF:24
BRH:17
end_of_record
TN:
SF:src/controllers/eodController.js
FN:4,getTemplates
FN:29,getTemplate
FN:46,createTemplate
FN:56,(anonymous_3)
FN:76,updateTemplate
FN:88,(anonymous_5)
FN:100,(anonymous_6)
FN:122,submitEod
FN:138,(anonymous_8)
FN:159,(anonymous_9)
FN:208,getSubmissions
FN:221,(anonymous_11)
FN:257,getSubmission
FN:282,(anonymous_13)
FN:294,getMissingEods
FNF:15
FNH:7
FNDA:2,getTemplates
FNDA:2,getTemplate
FNDA:1,createTemplate
FNDA:1,(anonymous_3)
FNDA:0,updateTemplate
FNDA:0,(anonymous_5)
FNDA:0,(anonymous_6)
FNDA:0,submitEod
FNDA:0,(anonymous_8)
FNDA:0,(anonymous_9)
FNDA:2,getSubmissions
FNDA:0,(anonymous_11)
FNDA:2,getSubmission
FNDA:0,(anonymous_13)
FNDA:1,getMissingEods
DA:1,7
DA:2,7
DA:5,2
DA:6,2
DA:7,2
DA:8,1
DA:10,2
DA:11,1
DA:14,2
DA:23,2
DA:25,0
DA:30,2
DA:31,2
DA:39,2
DA:40,1
DA:42,0
DA:47,1
DA:48,1
DA:50,1
DA:56,1
DA:70,1
DA:72,0
DA:77,0
DA:78,0
DA:79,0
DA:81,0
DA:82,0
DA:85,0
DA:88,0
DA:89,0
DA:90,0
DA:93,0
DA:100,0
DA:116,0
DA:118,0
DA:123,0
DA:124,0
DA:127,0
DA:128,0
DA:129,0
DA:130,0
DA:131,0
DA:133,0
DA:134,0
DA:138,0
DA:139,0
DA:142,0
DA:143,0
DA:146,0
DA:147,0
DA:149,0
DA:159,0
DA:176,0
DA:177,0
DA:178,0
DA:187,0
DA:191,0
DA:192,0
DA:193,0
DA:202,0
DA:204,0
DA:209,2
DA:210,2
DA:211,2
DA:214,2
DA:215,1
DA:216,1
DA:217,0
DA:221,0
DA:224,2
DA:226,0
DA:227,0
DA:229,0
DA:231,2
DA:232,2
DA:233,0
DA:234,0
DA:235,0
DA:236,2
DA:237,0
DA:238,0
DA:239,0
DA:242,2
DA:251,2
DA:253,0
DA:258,2
DA:259,2
DA:271,2
DA:274,1
DA:275,0
DA:277,1
DA:278,0
DA:282,0
DA:283,0
DA:284,0
DA:288,1
DA:290,0
DA:295,1
DA:296,1
DA:297,1
DA:300,1
DA:301,1
DA:302,0
DA:303,1
DA:304,1
DA:305,0
DA:306,0
DA:308,0
DA:311,1
DA:317,1
DA:318,1
DA:319,1
DA:321,1
DA:326,1
DA:327,1
DA:331,0
DA:332,0
DA:333,0
DA:334,0
DA:335,0
DA:338,0
DA:339,0
DA:342,0
DA:343,0
DA:347,0
DA:349,0
DA:353,7
LF:127
LH:52
BRDA:7,0,0,1
BRDA:7,0,1,1
BRDA:7,1,0,2
BRDA:7,1,1,1
BRDA:10,2,0,1
BRDA:10,2,1,1
BRDA:39,3,0,1
BRDA:39,3,1,1
BRDA:54,4,0,1
BRDA:54,4,1,0
BRDA:58,5,0,1
BRDA:58,5,1,0
BRDA:59,6,0,1
BRDA:59,6,1,1
BRDA:60,7,0,1
BRDA:60,7,1,1
BRDA:79,8,0,0
BRDA:79,8,1,0
BRDA:81,9,0,0
BRDA:81,9,1,0
BRDA:81,10,0,0
BRDA:81,10,1,0
BRDA:89,11,0,0
BRDA:89,11,1,0
BRDA:98,12,0,0
BRDA:98,12,1,0
BRDA:102,13,0,0
BRDA:102,13,1,0
BRDA:103,14,0,0
BRDA:103,14,1,0
BRDA:104,15,0,0
BRDA:104,15,1,0
BRDA:129,16,0,0
BRDA:129,16,1,0
BRDA:129,17,0,0
BRDA:129,17,1,0
BRDA:130,18,0,0
BRDA:130,18,1,0
BRDA:133,19,0,0
BRDA:133,19,1,0
BRDA:138,20,0,0
BRDA:138,20,1,0
BRDA:156,21,0,0
BRDA:156,21,1,0
BRDA:157,22,0,0
BRDA:157,22,1,0
BRDA:177,23,0,0
BRDA:177,23,1,0
BRDA:192,24,0,0
BRDA:192,24,1,0
BRDA:214,25,0,1
BRDA:214,25,1,1
BRDA:216,26,0,0
BRDA:216,26,1,1
BRDA:224,27,0,0
BRDA:224,27,1,2
BRDA:226,28,0,0
BRDA:226,28,1,0
BRDA:226,29,0,0
BRDA:226,29,1,0
BRDA:231,30,0,0
BRDA:231,30,1,2
BRDA:232,31,0,0
BRDA:232,31,1,2
BRDA:236,32,0,0
BRDA:236,32,1,2
BRDA:236,33,0,2
BRDA:236,33,1,2
BRDA:238,34,0,0
BRDA:238,34,1,0
BRDA:239,35,0,0
BRDA:239,35,1,0
BRDA:271,36,0,1
BRDA:271,36,1,1
BRDA:274,37,0,0
BRDA:274,37,1,1
BRDA:274,38,0,1
BRDA:274,38,1,0
BRDA:277,39,0,0
BRDA:277,39,1,1
BRDA:283,40,0,0
BRDA:283,40,1,0
BRDA:301,41,0,0
BRDA:301,41,1,1
BRDA:303,42,0,1
BRDA:303,42,1,0
BRDA:303,43,0,1
BRDA:303,43,1,1
BRDA:305,44,0,0
BRDA:305,44,1,0
BRDA:318,45,0,1
BRDA:318,45,1,0
BRDA:326,46,0,1
BRDA:326,46,1,0
BRDA:326,47,0,1
BRDA:326,47,1,1
BRDA:338,48,0,0
BRDA:338,48,1,0
BRDA:342,49,0,0
BRDA:342,49,1,0
BRF:100
BRH:36
end_of_record
TN:
SF:src/controllers/notificationController.js
FN:4,getNotifications
FN:25,getUrgentNotifications
FN:42,acknowledgeNotification
FN:64,sendUrgentNotification
FN:109,markRead
FN:131,markAllRead
FNF:6
FNH:6
FNDA:2,getNotifications
FNDA:1,getUrgentNotifications
FNDA:2,acknowledgeNotification
FNDA:1,sendUrgentNotification
FNDA:2,markRead
FNDA:1,markAllRead
DA:1,7
DA:2,7
DA:5,2
DA:6,2
DA:7,2
DA:9,2
DA:10,0
DA:13,2
DA:19,2
DA:21,0
DA:26,1
DA:27,1
DA:36,1
DA:38,0
DA:43,2
DA:44,2
DA:48,2
DA:49,1
DA:50,0
DA:53,1
DA:58,1
DA:60,0
DA:65,1
DA:66,1
DA:68,1
DA:69,0
DA:72,1
DA:73,1
DA:75,1
DA:76,0
DA:77,1
DA:78,0
DA:81,1
DA:85,1
DA:87,1
DA:92,1
DA:93,1
DA:94,1
DA:95,1
DA:100,1
DA:103,1
DA:105,0
DA:110,2
DA:111,2
DA:115,2
DA:116,1
DA:117,0
DA:120,1
DA:125,1
DA:127,0
DA:132,1
DA:133,1
DA:138,1
DA:140,0
DA:144,7
LF:55
LH:43
BRDA:9,0,0,0
BRDA:9,0,1,2
BRDA:48,1,0,1
BRDA:48,1,1,1
BRDA:49,2,0,0
BRDA:49,2,1,1
BRDA:68,3,0,0
BRDA:68,3,1,1
BRDA:75,4,0,0
BRDA:75,4,1,1
BRDA:75,5,0,1
BRDA:75,5,1,0
BRDA:77,6,0,0
BRDA:77,6,1,1
BRDA:85,7,0,1
BRDA:85,7,1,1
BRDA:94,8,0,0
BRDA:94,8,1,1
BRDA:115,9,0,1
BRDA:115,9,1,1
BRDA:116,10,0,0
BRDA:116,10,1,1
BRF:22
BRH:14
end_of_record
TN:
SF:src/controllers/resourceController.js
FN:3,getResources
FN:24,createResource
FN:46,updateResource
FN:65,deleteResource
FNF:4
FNH:4
FNDA:2,getResources
FNDA:2,createResource
FNDA:2,updateResource
FNDA:2,deleteResource
DA:1,7
DA:4,2
DA:5,2
DA:6,2
DA:7,1
DA:9,2
DA:10,2
DA:12,2
DA:18,2
DA:20,0
DA:25,2
DA:26,2
DA:28,2
DA:40,2
DA:42,0
DA:47,2
DA:48,2
DA:49,2
DA:51,1
DA:53,1
DA:59,1
DA:61,0
DA:66,2
DA:67,2
DA:68,2
DA:70,1
DA:71,1
DA:73,0
DA:77,7
LF:29
LH:25
BRDA:6,0,0,1
BRDA:6,0,1,1
BRDA:6,1,0,2
BRDA:6,1,1,1
BRDA:10,2,0,0
BRDA:10,2,1,2
BRDA:32,3,0,2
BRDA:32,3,1,2
BRDA:33,4,0,2
BRDA:33,4,1,2
BRDA:34,5,0,2
BRDA:34,5,1,0
BRDA:49,6,0,1
BRDA:49,6,1,1
BRDA:68,7,0,1
BRDA:68,7,1,1
BRF:16
BRH:14
end_of_record
TN:
SF:src/controllers/taskCategoryController.js
FN:12,getCategories
FN:25,(anonymous_1)
FN:26,(anonymous_2)
FN:35,createCategory
FN:53,deleteCategory
FNF:5
FNH:5
FNDA:2,getCategories
FNDA:12,(anonymous_1)
FNDA:2,(anonymous_2)
FNDA:2,createCategory
FNDA:2,deleteCategory
DA:1,7
DA:3,7
DA:13,2
DA:14,2
DA:15,2
DA:16,1
DA:19,2
DA:24,2
DA:25,12
DA:26,2
DA:29,2
DA:31,0
DA:36,2
DA:37,2
DA:39,2
DA:47,2
DA:49,0
DA:54,2
DA:55,2
DA:58,2
DA:60,1
DA:61,1
DA:63,0
DA:67,7
LF:24
LH:21
BRDA:15,0,0,1
BRDA:15,0,1,1
BRDA:15,1,0,2
BRDA:15,1,1,1
BRDA:43,2,0,2
BRDA:43,2,1,0
BRDA:58,3,0,1
BRDA:58,3,1,1
BRF:8
BRH:7
end_of_record
TN:
SF:src/controllers/taskController.js
FN:4,getTeamUserIds
FN:11,(anonymous_1)
FN:16,getTasks
FN:62,getTask
FN:86,createTask
FN:133,updateTask
FN:188,toggleComplete
FN:247,deleteTask
FNF:8
FNH:8
FNDA:5,getTeamUserIds
FNDA:1,(anonymous_1)
FNDA:3,getTasks
FNDA:2,getTask
FNDA:1,createTask
FNDA:2,updateTask
FNDA:3,toggleComplete
FNDA:4,deleteTask
DA:1,7
DA:2,7
DA:5,5
DA:6,2
DA:7,1
DA:11,1
DA:13,1
DA:17,3
DA:18,3
DA:19,3
DA:22,3
DA:23,3
DA:24,2
DA:28,3
DA:29,2
DA:33,3
DA:34,0
DA:35,0
DA:37,0
DA:39,3
DA:40,3
DA:41,3
DA:42,0
DA:43,0
DA:44,0
DA:47,3
DA:56,3
DA:58,0
DA:63,2
DA:64,2
DA:72,2
DA:75,1
DA:76,1
DA:77,0
DA:80,1
DA:82,0
DA:87,1
DA:88,1
DA:91,1
DA:92,0
DA:93,0
DA:94,0
DA:98,1
DA:117,1
DA:118,1
DA:119,1
DA:127,1
DA:129,0
DA:134,2
DA:135,2
DA:136,2
DA:139,1
DA:140,1
DA:141,0
DA:144,1
DA:147,1
DA:148,0
DA:149,0
DA:150,0
DA:154,1
DA:172,1
DA:173,1
DA:174,1
DA:182,1
DA:184,0
DA:189,3
DA:190,3
DA:194,3
DA:197,2
DA:198,1
DA:201,1
DA:202,1
DA:203,1
DA:207,1
DA:208,0
DA:213,1
DA:223,1
DA:224,1
DA:225,1
DA:226,1
DA:227,1
DA:228,0
DA:231,1
DA:232,1
DA:241,1
DA:243,0
DA:248,4
DA:249,4
DA:250,4
DA:253,3
DA:254,1
DA:257,2
DA:258,2
DA:260,0
DA:264,7
LF:95
LH:73
BRDA:5,0,0,3
BRDA:5,0,1,2
BRDA:6,1,0,1
BRDA:6,1,1,1
BRDA:23,2,0,2
BRDA:23,2,1,1
BRDA:28,3,0,2
BRDA:28,3,1,1
BRDA:28,4,0,3
BRDA:28,4,1,2
BRDA:33,5,0,0
BRDA:33,5,1,3
BRDA:34,6,0,0
BRDA:34,6,1,0
BRDA:34,7,0,0
BRDA:34,7,1,0
BRDA:39,8,0,0
BRDA:39,8,1,3
BRDA:40,9,0,0
BRDA:40,9,1,3
BRDA:41,10,0,0
BRDA:41,10,1,3
BRDA:41,11,0,3
BRDA:41,11,1,3
BRDA:43,12,0,0
BRDA:43,12,1,0
BRDA:44,13,0,0
BRDA:44,13,1,0
BRDA:72,14,0,1
BRDA:72,14,1,1
BRDA:76,15,0,0
BRDA:76,15,1,1
BRDA:76,16,0,1
BRDA:76,16,1,0
BRDA:91,17,0,0
BRDA:91,17,1,1
BRDA:93,18,0,0
BRDA:93,18,1,0
BRDA:103,19,0,0
BRDA:103,19,1,1
BRDA:104,20,0,0
BRDA:104,20,1,1
BRDA:108,21,0,1
BRDA:108,21,1,0
BRDA:118,22,0,1
BRDA:118,22,1,0
BRDA:136,23,0,1
BRDA:136,23,1,1
BRDA:140,24,0,0
BRDA:140,24,1,1
BRDA:140,25,0,1
BRDA:140,25,1,0
BRDA:147,26,0,0
BRDA:147,26,1,1
BRDA:147,27,0,1
BRDA:147,27,1,1
BRDA:149,28,0,0
BRDA:149,28,1,0
BRDA:160,29,0,0
BRDA:160,29,1,1
BRDA:161,30,0,0
BRDA:161,30,1,1
BRDA:173,31,0,1
BRDA:173,31,1,0
BRDA:173,32,0,1
BRDA:173,32,1,1
BRDA:173,32,2,1
BRDA:194,33,0,1
BRDA:194,33,1,2
BRDA:197,34,0,1
BRDA:197,34,1,1
BRDA:197,35,0,2
BRDA:197,35,1,2
BRDA:202,36,0,1
BRDA:202,36,1,0
BRDA:205,37,0,1
BRDA:205,37,1,0
BRDA:207,38,0,0
BRDA:207,38,1,1
BRDA:207,39,0,1
BRDA:207,39,1,1
BRDA:208,40,0,0
BRDA:208,40,1,0
BRDA:224,41,0,1
BRDA:224,41,1,0
BRDA:226,42,0,1
BRDA:226,42,1,0
BRDA:227,43,0,0
BRDA:227,43,1,1
BRDA:227,44,0,1
BRDA:227,44,1,0
BRDA:250,45,0,1
BRDA:250,45,1,3
BRDA:253,46,0,1
BRDA:253,46,1,2
BRDA:253,47,0,3
BRDA:253,47,1,2
BRF:97
BRH:59
end_of_record
TN:
SF:src/controllers/userController.js
FN:3,getUsers
FN:24,(anonymous_1)
FN:50,getUser
FN:79,updateUser
FN:125,archiveUser
FN:149,deleteUser
FNF:6
FNH:6
FNDA:3,getUsers
FNDA:1,(anonymous_1)
FNDA:4,getUser
FNDA:2,updateUser
FNDA:2,archiveUser
FNDA:2,deleteUser
DA:1,7
DA:4,3
DA:5,3
DA:6,3
DA:8,3
DA:10,3
DA:11,3
DA:15,3
DA:16,2
DA:19,3
DA:20,1
DA:24,1
DA:25,2
DA:26,1
DA:29,3
DA:44,3
DA:46,0
DA:51,4
DA:52,4
DA:66,4
DA:69,3
DA:70,1
DA:73,2
DA:75,0
DA:80,2
DA:81,2
DA:84,2
DA:85,0
DA:86,0
DA:87,0
DA:88,0
DA:93,2
DA:94,0
DA:95,0
DA:96,0
DA:100,2
DA:101,2
DA:102,2
DA:103,2
DA:105,2
DA:119,1
DA:121,1
DA:126,2
DA:127,2
DA:128,2
DA:130,1
DA:131,0
DA:132,0
DA:133,0
DA:137,1
DA:143,1
DA:145,0
DA:150,2
DA:151,2
DA:152,2
DA:154,1
DA:155,0
DA:156,0
DA:157,0
DA:161,1
DA:177,1
DA:179,0
DA:183,7
LF:63
LH:46
BRDA:8,0,0,0
BRDA:8,0,1,3
BRDA:10,1,0,3
BRDA:10,1,1,0
BRDA:10,2,0,3
BRDA:10,2,1,1
BRDA:15,3,0,2
BRDA:15,3,1,1
BRDA:15,4,0,3
BRDA:15,4,1,2
BRDA:19,5,0,1
BRDA:19,5,1,2
BRDA:25,6,0,1
BRDA:25,6,1,1
BRDA:66,7,0,1
BRDA:66,7,1,3
BRDA:69,8,0,1
BRDA:69,8,1,2
BRDA:69,9,0,3
BRDA:69,9,1,2
BRDA:84,10,0,0
BRDA:84,10,1,2
BRDA:84,11,0,2
BRDA:84,11,1,0
BRDA:87,12,0,0
BRDA:87,12,1,0
BRDA:87,13,0,0
BRDA:87,13,1,0
BRDA:93,14,0,0
BRDA:93,14,1,2
BRDA:95,15,0,0
BRDA:95,15,1,0
BRDA:95,16,0,0
BRDA:95,16,1,0
BRDA:95,16,2,0
BRDA:101,17,0,0
BRDA:101,17,1,2
BRDA:102,18,0,2
BRDA:102,18,1,0
BRDA:103,19,0,0
BRDA:103,19,1,2
BRDA:103,20,0,0
BRDA:103,20,1,0
BRDA:128,21,0,1
BRDA:128,21,1,1
BRDA:130,22,0,0
BRDA:130,22,1,1
BRDA:132,23,0,0
BRDA:132,23,1,0
BRDA:132,24,0,0
BRDA:132,24,1,0
BRDA:143,25,0,0
BRDA:143,25,1,1
BRDA:152,26,0,1
BRDA:152,26,1,1
BRDA:154,27,0,0
BRDA:154,27,1,1
BRDA:156,28,0,0
BRDA:156,28,1,0
BRF:59
BRH:31
end_of_record
TN:
SF:src/jobs/eodReminder.js
FN:6,startEodReminder
FN:10,(anonymous_1)
FNF:2
FNH:0
FNDA:0,startEodReminder
FNDA:0,(anonymous_1)
DA:1,0
DA:2,0
DA:3,0
DA:4,0
DA:7,0
DA:8,0
DA:10,0
DA:11,0
DA:13,0
DA:14,0
DA:15,0
DA:17,0
DA:18,0
DA:24,0
DA:26,0
DA:27,0
DA:29,0
DA:31,0
DA:35,0
DA:36,0
DA:44,0
DA:52,0
DA:53,0
DA:54,0
DA:56,0
DA:63,0
DA:64,0
DA:65,0
DA:72,0
DA:74,0
DA:78,0
DA:81,0
LF:32
LH:0
BRDA:7,0,0,0
BRDA:7,0,1,0
BRDA:29,1,0,0
BRDA:29,1,1,0
BRDA:29,2,0,0
BRDA:29,2,1,0
BRDA:35,3,0,0
BRDA:35,3,1,0
BRDA:52,4,0,0
BRDA:52,4,1,0
BRDA:53,5,0,0
BRDA:53,5,1,0
BRF:12
BRH:0
end_of_record
TN:
SF:src/middleware/auth.js
FN:4,authenticate
FN:27,authorize
FN:28,(anonymous_2)
FNF:3
FNH:3
FNDA:114,authenticate
FNDA:112,authorize
FNDA:47,(anonymous_2)
DA:1,7
DA:2,7
DA:5,114
DA:7,114
DA:8,31
DA:11,83
DA:13,83
DA:14,83
DA:15,82
DA:19,82
DA:20,82
DA:21,82
DA:23,1
DA:28,112
DA:29,47
DA:30,17
DA:32,30
DA:36,7
LF:18
LH:18
BRDA:7,0,0,31
BRDA:7,0,1,83
BRDA:7,1,0,114
BRDA:7,1,1,83
BRDA:19,2,0,0
BRDA:19,2,1,82
BRDA:29,3,0,17
BRDA:29,3,1,30
BRDA:29,4,0,47
BRDA:29,4,1,47
BRF:10
BRH:9
end_of_record
TN:
SF:src/middleware/errorHandler.js
FN:1,errorHandler
FNF:1
FNH:1
FNDA:1,errorHandler
DA:2,1
DA:5,1
DA:6,1
DA:8,0
DA:9,0
DA:12,0
DA:13,0
DA:18,7
LF:8
LH:4
BRDA:5,0,0,1
BRDA:5,0,1,0
BRDA:8,1,0,0
BRDA:8,1,1,0
BRDA:12,2,0,0
BRDA:12,2,1,0
BRDA:14,3,0,0
BRDA:14,3,1,0
BRF:8
BRH:1
end_of_record
TN:
SF:src/middleware/validate.js
FN:3,validate
FNF:1
FNH:1
FNDA:26,validate
DA:1,7
DA:4,26
DA:5,26
DA:6,9
DA:8,17
DA:11,7
LF:6
LH:6
BRDA:5,0,0,9
BRDA:5,0,1,17
BRF:2
BRH:2
end_of_record
TN:
SF:src/routes/authRoutes.js
FN:11,(anonymous_0)
FNF:1
FNH:1
FNDA:1,(anonymous_0)
DA:1,7
DA:2,7
DA:3,7
DA:4,7
DA:5,7
DA:6,7
DA:8,7
DA:11,7
DA:12,1
DA:13,1
DA:14,1
DA:15,0
DA:17,1
DA:23,1
DA:26,7
DA:37,7
DA:47,7
DA:49,7
LF:18
LH:17
BRDA:14,0,0,0
BRDA:14,0,1,1
BRF:2
BRH:1
end_of_record
TN:
SF:src/routes/eodRoutes.js
FNF:0
FNH:0
DA:1,7
DA:2,7
DA:3,7
DA:4,7
DA:8,7
DA:10,7
DA:12,7
DA:15,7
DA:16,7
DA:17,7
DA:30,7
DA:39,7
DA:53,7
DA:54,7
DA:55,7
DA:57,7
LF:16
LH:16
BRF:0
BRH:0
end_of_record
TN:
SF:src/routes/notificationRoutes.js
FNF:0
FNH:0
DA:1,7
DA:2,7
DA:3,7
DA:5,7
DA:7,7
DA:9,7
DA:10,7
DA:11,7
DA:12,7
DA:13,7
DA:14,7
DA:16,7
LF:12
LH:12
BRF:0
BRH:0
end_of_record
TN:
SF:src/routes/organizationRoutes.js
FN:12,(anonymous_0)
FN:36,(anonymous_1)
FN:60,(anonymous_2)
FN:81,(anonymous_3)
FNF:4
FNH:0
FNDA:0,(anonymous_0)
FNDA:0,(anonymous_1)
FNDA:0,(anonymous_2)
FNDA:0,(anonymous_3)
DA:1,7
DA:2,7
DA:3,7
DA:4,7
DA:5,7
DA:7,7
DA:9,7
DA:12,7
DA:13,0
DA:14,0
DA:25,0
DA:27,0
DA:32,7
DA:37,0
DA:38,0
DA:48,0
DA:50,0
DA:56,7
DA:61,0
DA:62,0
DA:73,0
DA:75,0
DA:81,7
DA:82,0
DA:83,0
DA:84,0
DA:89,0
DA:91,0
DA:95,7
LF:29
LH:12
BRF:0
BRH:0
end_of_record
TN:
SF:src/routes/resourceRoutes.js
FNF:0
FNH:0
DA:1,7
DA:2,7
DA:3,7
DA:4,7
DA:5,7
DA:7,7
DA:9,7
DA:11,7
DA:13,7
DA:26,7
DA:39,7
DA:41,7
LF:12
LH:12
BRF:0
BRH:0
end_of_record
TN:
SF:src/routes/taskCategoryRoutes.js
FNF:0
FNH:0
DA:1,7
DA:2,7
DA:3,7
DA:4,7
DA:5,7
DA:7,7
DA:9,7
DA:11,7
DA:12,7
DA:19,7
DA:21,7
LF:11
LH:11
BRF:0
BRH:0
end_of_record
TN:
SF:src/routes/taskRoutes.js
FNF:0
FNH:0
DA:1,7
DA:2,7
DA:3,7
DA:4,7
DA:7,7
DA:9,7
DA:11,7
DA:13,7
DA:21,7
DA:22,7
DA:23,7
DA:24,7
DA:25,7
DA:26,7
DA:28,7
LF:15
LH:15
BRF:0
BRH:0
end_of_record
TN:
SF:src/routes/userRoutes.js
FNF:0
FNH:0
DA:1,7
DA:2,7
DA:3,7
DA:5,7
DA:7,7
DA:9,7
DA:10,7
DA:11,7
DA:12,7
DA:13,7
DA:15,7
LF:11
LH:11
BRF:0
BRH:0
end_of_record
TN:
SF:src/socket/socketHandler.js
FN:1,socketHandler
FN:2,(anonymous_1)
FN:5,(anonymous_2)
FN:10,(anonymous_3)
FN:14,(anonymous_4)
FNF:5
FNH:0
FNDA:0,socketHandler
FNDA:0,(anonymous_1)
FNDA:0,(anonymous_2)
FNDA:0,(anonymous_3)
FNDA:0,(anonymous_4)
DA:1,0
DA:2,0
DA:3,0
DA:5,0
DA:6,0
DA:7,0
DA:10,0
DA:11,0
DA:14,0
DA:15,0
LF:10
LH:0
BRDA:6,0,0,0
BRDA:6,0,1,0
BRF:2
BRH:0
end_of_record
TN:
SF:src/utils/generateToken.js
FN:3,generateToken
FNF:1
FNH:1
FNDA:3,generateToken
DA:1,7
DA:4,3
DA:11,7
LF:3
LH:3
BRDA:7,0,0,3
BRDA:7,0,1,3
BRF:2
BRH:2
end_of_record
TN:
SF:src/utils/notify.js
FN:3,createNotification
FNF:1
FNH:1
FNDA:4,createNotification
DA:1,7
DA:4,4
DA:8,4
DA:9,0
DA:12,4
DA:15,7
LF:6
LH:5
BRDA:8,0,0,0
BRDA:8,0,1,4
BRF:2
BRH:1
end_of_record
TN:
SF:src/utils/prisma.js
FNF:0
FNH:0
DA:1,0
DA:2,0
DA:3,0
LF:3
LH:0
BRF:0
BRH:0
end_of_record
TN:
SF:src/utils/sendEmail.js
FN:13,sendEmail
FNF:1
FNH:0
FNDA:0,sendEmail
DA:1,0
DA:3,0
DA:14,0
DA:15,0
DA:16,0
DA:17,0
DA:20,0
DA:28,0
LF:8
LH:0
BRDA:5,0,0,0
BRDA:5,0,1,0
BRDA:14,1,0,0
BRDA:14,1,1,0
BRDA:14,2,0,0
BRDA:14,2,1,0
BRDA:21,3,0,0
BRDA:21,3,1,0
BRF:8
BRH:0
end_of_record
